------------------------------------------------------------------------------------------------------------------------------------------------------------
      name:  <unnamed>
       log:  C:\Users\a.guido\Documents\GitHub\Social_norm_meta_analysis\Analysis\Utility estimation\Output\Logs\stata_Nobs.log
  log type:  text
 opened on:  10 Jun 2025, 20:26:53

.  
. foreach l of local levels {
  2.   di "`l' `nobs_FU`l''"
  3.  }
2007Lis165_1a 24
2012Laz164_3 135
2013Kru001_1a 52
2016Kim003_7 66
2018Her061_9 38
2019Cha026_1 56
2020Bas115_2a 127
2023Eck169_1a 357
2023Eck169_1b 353

. 
. log close
      name:  <unnamed>
       log:  C:\Users\a.guido\Documents\GitHub\Social_norm_meta_analysis\Analysis\Utility estimation\Output\Logs\stata_Nobs.log
  log type:  text
 closed on:  10 Jun 2025, 20:26:53
------------------------------------------------------------------------------------------------------------------------------------------------------------
