--------------------------------------------------------------------------------------------------------------------------------------------------------------------------------------------------------------------------------------------
      name:  <unnamed>
       log:  C:\Users\a.guido\Documents\GitHub\Social_norm_meta_analysis\Analysis\Utility estimation\Output\Logs\stata_AIC_ONG.log
  log type:  text
 opened on:  23 Jul 2025, 09:23:27

.  
. foreach l of local levels {
  2.   di "`l' `S_AIC`l'' `N_AIC`l'' `DA_AIC`l'' `FU_AIC`l''"
  3.  }
2007Lis165_1a 103.2098828388177 99.03437787173107 103.9211039249492 97.48771680176591
2012Laz164_3 551.3950093301261 487.922983952709 515.5858362201352 489.9191351757026
2013Kru001_1a 215.3100858204099 210.0205163905173 213.4511627741064 211.8330191645115
2016Kim003_7 329.6855184639192 289.3059869809443 294.0131890131385 281.558574824475
2017Del037_1 103.4254617426373 91.56725431162086 86.40626838249084 88.40590715773017
2017Fro073_1 416.8871495073751 418.8861546478565 417.3329819992783 410.609887114604
2017Gac013_2 229.9692636176834 220.0388750022051 229.9692636176833 220.038875002205
2017Gac013_4 230.4274881304191 223.7390258430828 230.4274881304194 223.7390258430829
2017Tho028_1 251.7928260687514 250.765533455536 251.7928260687512 250.7655334555422
2018Her061_9 127.5508623889334 119.2282524935626 125.10173444957 120.3319382038405
2019Cha026_1 255.0093527689941 221.7381596967327 248.2079165526136 203.7005987430357
2020Bas115_2a 536.683124625111 457.097815183024 488.7675414498431 454.5704033907499
2023Eck169_1a 1604.366209433045 1257.003064046609 1416.38779598802 1216.346905909109
2023Eck169_1b 1571.165934411997 1419.669734264006 1529.453123953867 1297.186438301469

. 
.  
. log close
      name:  <unnamed>
       log:  C:\Users\a.guido\Documents\GitHub\Social_norm_meta_analysis\Analysis\Utility estimation\Output\Logs\stata_AIC_ONG.log
  log type:  text
 closed on:  23 Jul 2025, 09:23:27
--------------------------------------------------------------------------------------------------------------------------------------------------------------------------------------------------------------------------------------------
