--------------------------------------------------------------------------------------------------------------------------------------------------------------------------------------------------------------------------------------------
      name:  <unnamed>
       log:  C:\Users\a.guido\Documents\GitHub\Social_norm_meta_analysis\Analysis\Utility estimation\Output\Logs\stata_COEFF_ONG.log
  log type:  text
 opened on:  23 Jul 2025, 09:23:27

. 
. foreach l of local levels {
  2.   di "`l' `deltaS`l'' `deltaN`l'' `gammaN`l'' `rhoDA`l'' `sigmaDA`l'' `rhoFU`l'' `sigmaFU`l'' `gammaFU`l''" 
  3.  }
2007Lis165_1a .5295782397284102 1.414957188297463 2.163337889408857 .3446559383216893 -.0456425984841525 -1.073892822526009 .3704000366692484 4.854276464358136
2012Laz164_3 .304798674841622 1.091248051769935 3.198479713308744 .4599157744084472 -.2754208069424556 -.0412062643978516 -.0556830835553006 3.173385228191465
2013Kru001_1a .2960811765819147 .6161621437809253 1.507821856019694 .4143214473782339 .1593334611038097 .1340397234289502 .2393382075232542 1.842575592022591
2016Kim003_7 .192200820214869 .9523451398017507 4.349249670134299 .5034094145088177 -13.83502241211898 .1427580966715476 -7.312089825853676 3.3836026768034
2017Del037_1 .1919053556080619 .1394753539339311 2.816786664614618 .5760926148251941 -.4615982089237454 .5772595793401778 -.4669341416951956 -.0312187166436418
2017Fro073_1 .5179892601923428 .522726155041186 .0226636443090799 .2645289573565823 .0857483410357788 1.094359475581107 -.0717172676730951 -6.374163153933748
2017Gac013_2 .0634909222875357 13.31322570100568 34.51174536142577 .4682545396596419 0 -6.156612857003294 0 34.51174539548642
2017Gac013_4 .0281787053316413 1.572267589048822 3.689321397373884 .4859106473342921 0 -.2861337945609568 0 3.68932139755266
2017Tho028_1 .092117559793892 .5817893564160449 3.064080069684071 .4539412193838361 0 .2091051520756072 0 3.064082673849497
2018Her061_9 .5146504916758483 1.867003936878367 4.91461392416939 .3028950259774097 -7.212998276191556 -.3582555231228504 -6.818936937057735 4.475524785686247
2019Cha026_1 .1741684623746272 .7640150924817838 3.957976940567973 .5111574455202516 .2167423413455523 -.6487681650033215 .5444668214901964 10.31041831944337
2020Bas115_2a .2667157137432811 1.171209753277288 3.535699172976309 .5019028298061778 -.3271641377824893 -.3209312217203643 .3584234604883837 4.872097034688071
2023Eck169_1a .0920576242509406 .5154275847589176 4.437800033134089 .5399672007923456 .195875017862117 .0329530269652774 .4820722556940447 7.333484916582226
2023Eck169_1b .0990264429850966 .3492171676001971 3.110276142564322 .4933395557917738 .3584990252877711 -.0710879591478358 .5419836893493889 9.245650667465448

. 
. log close
      name:  <unnamed>
       log:  C:\Users\a.guido\Documents\GitHub\Social_norm_meta_analysis\Analysis\Utility estimation\Output\Logs\stata_COEFF_ONG.log
  log type:  text
 closed on:  23 Jul 2025, 09:23:27
--------------------------------------------------------------------------------------------------------------------------------------------------------------------------------------------------------------------------------------------
