------------------------------------------------------------------------------------------------------------------------------------------------------------
      name:  <unnamed>
       log:  C:\Users\a.guido\Documents\GitHub\Social_norm_meta_analysis\Analysis\Utility estimation\Output\Logs\stata_SE_ONG.log
  log type:  text
 opened on:  10 Jun 2025, 20:26:53

. 
. foreach l of local levels {
  2.   di "`l' `se_deltaS`l'' `se_deltaN`l'' `se_gammaN`l'' `se_rhoDA`l'' `se_sigmaDA`l'' `se_rhoFU`l'' `se_sigmaFU`l'' `se_gammaFU`l''"
  3.  } 
2007Lis165_1a .1593181579765406 .8019476030725515 1.450169998504059 .1587669734926389 .4081353680795402 .5803111436619605 .4443365143022343 1.892489324533117
2012Laz164_3 .0298965067818224 .1700048680091529 .5321697453249236 .0311048693699063 .2521002299812444 .1080077528952212 .2543750786155338 .6401961828079011
2013Kru001_1a .0519764598385642 .1897403451130587 .6830897965754235 .0490051900848091 .1500723465553589 .1659253731025565 .1617882007180126 1.009609239718095
2016Kim003_7 .0255419580204063 .1535822234715103 .7617326368603601 .0289027143576435 .1300383191741941 .1067160752479458 .1011135944455033 .9586343916967228
2018Her061_9 .0942118377987152 .5218846149433557 1.660210332818519 .0689509533081616 .2583651441723585 .2999781347051718 .1922829603433018 1.862034413573506
2019Cha026_1 .0455103087786953 .2632824034876213 1.20083940854196 .0568895387265759 .1142427070673211 .2895191889855231 .1492797823417232 2.502267554842525
2020Bas115_2a .0285159059485803 .3192639958454219 .9275088974515073 .0332315889199434 .3170252995273209 .1652660706911238 .2989604029039848 .9360171580828566
2023Eck169_1a .0075348567696978 .0784316055520921 .5619411823737093 .0108923576931617 .0513136588376386 .0463908154351812 .0546550770908625 .657468974581941
2023Eck169_1b .0091726575249563 .0524415480696816 .4510454359750382 .010660526973385 .0240590494025706 .0452182073456469 .0263877245413911 .7294788053674162

. 
. log close
      name:  <unnamed>
       log:  C:\Users\a.guido\Documents\GitHub\Social_norm_meta_analysis\Analysis\Utility estimation\Output\Logs\stata_SE_ONG.log
  log type:  text
 closed on:  10 Jun 2025, 20:26:53
------------------------------------------------------------------------------------------------------------------------------------------------------------
