-------------------------------------------------------------------------------------------------------------------------------------------------------------
      name:  <unnamed>
       log:  C:\Users\aguido\Documents\GitHub\Social_norm_meta_analysis\Analysis\Utility estimation\Output\Logs\uncertain_stata_SE_NU.log
  log type:  text
 opened on:  31 May 2024, 16:02:18

. 
. foreach l of local levels {
  2.   di "`l' `se_basegammaNU`l'' `se_baseetaNU`l'' `se_gammaNU`l'' `se_etaNU`l'' `se_sucaNU`l''"
  3.  } 
2007Lis165_1a 1.554496723558576 6.336811478622819 9.727664205764517 7.820992968776596 25.64939393108504
2012Laz164_3 1.604013114698946 5.250809324887508 1.528920341260429 11.59120006155532 9.605942669783488
2013Kru001_1a 1.687582998214842 6.173739243547228 2.856607277545487 21.1574332453188 27.65039375251146
2016Kim003_7 .894261746775406 2.249740368822692 1.911031599176648 2.544793833019087 6.969227108783091
2018Her061_9 3.261476285426012 7.013213996599164 8.513358864521383 7.611540328605488 19.97926403414657
2019Cha026_1 1.593009893800576 2.907174855852963 4.460800236186373 4.043133331138586 16.19238617028696
2020Bas115_2a 2.381676927434367 6.463655475947679 4.190727113768241 5.34730302542435 16.67734897253436
2023Eck169_1a 1.049296661576491 3.362272427332341 1.153667530825733 6.861420208189394 4.959027508997507
2023Eck169_1b .6622728967458121 1.677097504345701 1.381270235569845 2.470550382608416 5.02963657594439

. 
. log close
      name:  <unnamed>
       log:  C:\Users\aguido\Documents\GitHub\Social_norm_meta_analysis\Analysis\Utility estimation\Output\Logs\uncertain_stata_SE_NU.log
  log type:  text
 closed on:  31 May 2024, 16:02:18
-------------------------------------------------------------------------------------------------------------------------------------------------------------
