--------------------------------------------------------------------------------------------------------------------------------------------------------------------------------------------------------------------------------------------
      name:  <unnamed>
       log:  C:\Users\a.guido\Documents\GitHub\Social_norm_meta_analysis\Analysis\Utility estimation\Output\Logs\uncertain_stata_AIC_NU.log
  log type:  text
 opened on:   2 Jul 2025, 12:57:28

.  
. foreach l of local levels {
  2.   di "`l' `NU_AIC`l''"
  3.  }
2007Lis165_1a 99.66303404486952
2012Laz164_3 492.3839096913821
2013Kru001_1a 215.4690209740132
2016Kim003_7 276.0569261424229
2018Her061_9 115.070240265378
2019Cha026_1 187.5773784000132
2020Bas115_2a 452.9095989184771
2023Eck169_1a 1163.591387167274
2023Eck169_1b 1245.195151431799

. 
. log close
      name:  <unnamed>
       log:  C:\Users\a.guido\Documents\GitHub\Social_norm_meta_analysis\Analysis\Utility estimation\Output\Logs\uncertain_stata_AIC_NU.log
  log type:  text
 closed on:   2 Jul 2025, 12:57:28
--------------------------------------------------------------------------------------------------------------------------------------------------------------------------------------------------------------------------------------------
