-------------------------------------------------------------------------------------------------------------------------------------------------------------
      name:  <unnamed>
       log:  C:\Users\aguido\Documents\GitHub\Social_norm_meta_analysis\Analysis\Utility estimation\Output\Logs\uncertain_stata_COEFF_NU.log
  log type:  text
 opened on:  31 May 2024, 16:02:18

. 
. foreach l of local levels {
  2.   di "`l' `basegammaNU`l'' `baseetaNU`l'' `gammaNU`l'' `etaNU`l'' `sucaNU`l''"
  3.  }
2007Lis165_1a 3.770490398804423 8.04075243966612 9.289556100724163 4.84506362863618 -14.37523507184699
2012Laz164_3 1.598316085874134 -5.649195438594972 1.673859059864989 -7.045911679321053 -1.419545664430348
2013Kru001_1a 1.443581339216779 -.2316584159239762 .5949401702863537 10.1104468694376 12.32402674438215
2016Kim003_7 5.316157664282716 4.987563096704511 3.826587103095316 4.159523332623804 6.102440940271046
2018Her061_9 9.40345861674958 -20.13803624968777 7.744413759409267 -19.80170843258505 4.586109670840744
2019Cha026_1 6.519265093051772 6.563089936997655 22.22254188008522 4.551870329460513 -59.07998849176114
2020Bas115_2a 5.750708940554429 8.76254499946085 6.266761062619458 9.140216147216314 -1.520306595119717
2023Eck169_1a 5.552498180500041 3.617109530543989 1.832944419968564 -43.30018983273841 -42.94665823101132
2023Eck169_1b 6.370825141839315 10.5921781374687 16.38691643982324 -6.267824172243151 -46.63335740529119

. 
. log close
      name:  <unnamed>
       log:  C:\Users\aguido\Documents\GitHub\Social_norm_meta_analysis\Analysis\Utility estimation\Output\Logs\uncertain_stata_COEFF_NU.log
  log type:  text
 closed on:  31 May 2024, 16:02:18
-------------------------------------------------------------------------------------------------------------------------------------------------------------
