-------------------------------------------------------------------------------------------------------------------------------------------------------------
      name:  <unnamed>
       log:  C:\Users\aguido\Documents\GitHub\Social_norm_meta_analysis\Analysis\../prova/output.log
  log type:  text
 opened on:   6 Sep 2023, 08:51:43

. matlist v

             |        c1         c2         c3 
-------------+---------------------------------
          r1 | -3.299943   1.242726   .0079213 
          r2 | -2.149463   1.402129   .1252762 
          r3 | -4.257542   2.202438   .0532233 
          r4 | -2.144262   1.518162   .1578302 
          r5 | -2.941604   1.596726   .0654354 
          r6 | -1.558612   1.993376   .4342761 
          r7 | -2.872758   2.763634   .2985789 
          r8 | -1.828504   1.893268    .334148 
          r9 | -2.182735   1.925704   .2570152 
         r10 | -3.008705   1.401672   .0318322 
         r11 | -2.791714   1.985526   .1597146 
         r12 | -1.931152   .9616354   .0446226 
         r13 | -1.967778   1.699168   .2468301 
         r14 |  -2.25867   1.540171   .1425104 
         r15 | -2.262082   1.252716   .0709585 
         r16 | -2.144686   1.593146   .1782395 
         r17 | -3.062625   1.014955   .0025487 
         r18 |  .6492619   1.755785   .7115431 
         r19 | -2.802437   2.012797   .1638286 
         r20 | -1.563753   1.433113   .2752031 
         r21 | -2.494238   1.199248   .0375406 
         r22 | -1.577641   1.333732   .2368581 
         r23 | -1.767228   1.395641   .2054243 
         r24 | -1.485275   1.924919   .4403491 
         r25 | -2.595765   1.642251   .1139662 
         r26 | -.4037885   1.557469   .7954351 
         r27 |  -2.38297   1.709569   .1633474 
         r28 | -2.888818   1.883137   .1250184 
         r29 |   -3.3606   1.597778   .0354399 
         r30 |  -4.41677   1.781888   .0131861 
         r31 | -1.903987   1.679206   .2568526 
         r32 | -1.961535   1.311707   .1348084 
         r33 | -3.133306   1.867584   .0933993 
         r34 | -1.750945   1.429404    .220595 
         r35 |  -1.95721   1.799932   .2768687 
         r36 | -3.795351   2.103594   .0711965 
         r37 | -2.800721   1.006265   .0053812 
         r38 | -4.371186   1.363035   .0013415 
         r39 |  -.403984   1.875754   .8294777 
         r40 | -2.925718   1.214622   .0160074 
         r41 | -2.667713   1.595065     .09443 
         r42 | -.2438508   1.440657   .8655893 
         r43 | -3.149598   1.280877   .0139348 
         r44 | -2.319636   1.179423   .0492115 
         r45 | -2.746916   1.865993   .1409956 
         r46 | -2.778315   1.006058   .0057521 
         r47 |  -1.09133   2.010323   .5872243 
         r48 | -4.358313   2.016443   .0306654 
         r49 | -3.074661   1.659596   .0639316 
         r50 | -3.013329   1.721162   .0799886 
         r51 | -.2742866    1.86881    .883313 
         r52 | -.5716306   1.718274   .7393779 
         r53 | -2.949467   1.266196   .0198383 
         r54 | -3.844735   1.861514    .038887 
         r55 | -3.021757   1.400019   .0308991 
         r56 | -1.956229   1.636508   .2319432 
         r57 |  -2.65647   1.390777   .0561252 
         r58 | -1.967755   1.350508   .1451032 
         r59 | -2.375778   1.747671    .174021 
         r60 | -1.691363   1.463902   .2479348 
         r61 | -3.334221   .7572802   .0000107 
         r62 | -2.299411   .7408352   .0019105 
         r63 | -3.142186   1.181355   .0078183 
         r64 | -.5893843   2.142572   .7832527 
         r65 |   -1.3706   1.678539   .4141896 
         r66 | -3.178289   1.544801   .0396468 
         r67 | -2.231377   2.012394    .267509 
         r68 | -2.330433   2.155542   .2796367 
         r69 | -2.695435   1.213135   .0262918 
         r70 | -1.325265   2.222811   .5510341 
         r71 | -3.627671   1.565956   .0205263 
         r72 |  -3.45607   1.458968   .0178437 
         r73 | -2.222825   1.925113   .2482352 
         r74 |   -2.1187    1.71478    .216625 
         r75 | -1.582354   2.460706   .5201925 
         r76 | -1.148182     1.7939   .5221416 
         r77 | -1.603568   1.850723   .3862408 
         r78 | -3.074228   1.997687   .1238302 
         r79 | -2.429864   1.814323   .1804836 
         r80 | -2.273842   1.510035   .1321131 
         r81 | -1.384297   1.856806    .455954 
         r82 | -3.447223   2.299476   .1338388 
         r83 |  -2.75917   1.236425   .0256434 
         r84 | -.4808127   2.314664    .835444 
         r85 | -4.434556   2.172621     .04124 
         r86 | -3.951744   1.356505   .0035777 
         r87 | -1.379255    1.73299   .4261009 
         r88 | -2.057181   1.287165   .1099926 
         r89 | -2.230082   1.509331   .1395337 
         r90 | -.8713076   1.866334   .6406035 
         r91 | -1.994746   1.383873   .1494654 
         r92 |  -4.04001   1.393497   .0037413 
         r93 | -.3853057     1.3569   .7764408 
         r94 | -1.587444   1.447615   .2728193 
         r95 | -.6269714   2.152748    .770866 
         r96 | -2.575025   1.251398   .0396172 
         r97 | -1.597055   1.474676   .2788143 
         r98 | -3.025604   2.558042   .2368958 
         r99 | -1.972391   2.042319   .3341639 
        r100 | -2.500484   1.855743   .1778418 
        r101 | -2.102123   1.896553    .267693 
        r102 | -2.176251   1.497083   .1460403 
        r103 | -2.110265   1.337146   .1145229 
        r104 |  .0130631   2.036569   .9948822 
        r105 | -2.916855   2.115501   .1679561 
        r106 | -3.251822   1.364157   .0171368 
        r107 | -1.478978   1.366628   .2791593 
        r108 | -2.541905   1.448415   .0792668 
        r109 | -2.833879   2.024969   .1616728 
        r110 | -3.303272   2.318666   .1542605 
        r111 | -2.266514   1.288114   .0784824 
        r112 | -3.584358   1.774138   .0433484 
        r113 | -2.327887   1.440653   .1061256 
        r114 | -2.683359   2.114869   .2045102 
        r115 | -.5691424   1.908782    .765573 
        r116 | -1.730705   2.015606   .3905324 
        r117 | -.8448619   1.518842   .5780372 
        r118 | -1.530965   1.225327   .2115063 
        r119 | -2.960644   1.179449   .0120665 
        r120 |  -3.79185   1.727449   .0281595 
        r121 | -3.889035   1.396491    .005355 
        r122 | -.4020964   1.970255   .8382883 
        r123 | -1.668959    1.32779   .2087736 
        r124 | -3.321058   1.348868   .0138123 
        r125 | -2.145436   1.329618   .1066201 
        r126 |  -1.11651   1.640677   .4961765 
        r127 |  -3.88621    1.70062   .0223027 
        r128 | -2.103625   1.389462   .1300296 
        r129 | -3.498211   2.169344   .1068387 
        r130 | -1.458859   2.419335   .5465088 
        r131 |  -.100968   2.563976   .9685879 
        r132 | -.5092379   2.079572   .8065522 
        r133 | -2.254337   1.728074   .1920504 
        r134 |  -2.10282   1.382134    .128152 
        r135 | -3.206073   1.714821   .0615358 
        r136 | -3.205659   1.261803   .0110682 
        r137 | -2.250594   .9960548   .0238518 
        r138 | -.4079603   1.841627   .8246863 
        r139 | -1.937815   .8343459    .020203 
        r140 | -.4761117   2.656045   .8577368 
        r141 | -2.660732   1.769586   .1326869 
        r142 | -1.563258   1.637356   .3397065 
        r143 | -2.123651   1.037137   .0405984 
        r144 | -.8336424   1.794343   .6422216 
        r145 |  -4.12606   1.470109   .0050062 
        r146 |  .0259683    1.28627   .9838928 
        r147 | -.7234283   1.462553   .6208587 
        r148 | -.8934851    2.52736   .7236948 
        r149 | -3.216511   1.168677   .0059185 
        r150 | -2.562187   1.948143   .1884447 
        r151 | -1.914693   1.688099   .2566979 
        r152 | -2.269287   1.198531    .058306 
        r153 | -.8471077   1.809252   .6396353 
        r154 | -1.446815   1.756014    .409985 
        r155 | -3.543126   1.439785     .01386 
        r156 | -.6660253   1.973033   .7356917 
        r157 | -3.462792   1.217109   .0044398 
        r158 | -1.201544   1.827758   .5109323 
        r159 |  -1.86837    2.57952    .468876 
        r160 | -4.323232   1.842013   .0189245 
        r161 |  -4.08737   1.503515    .006557 
        r162 | -4.806781   2.168543   .0266508 
        r163 | -2.838432   .7134676   .0000694 
        r164 | -1.633398   1.326737   .2182707 
        r165 |  .0662888   1.341199   .9605806 
        r166 | -1.670705   1.842717   .3645903 
        r167 | -.7689166   1.222541   .5293822 
        r168 | -2.129577   1.882631   .2579833 
        r169 |  -1.88811   1.329651   .1556066 
        r170 | -2.963781   1.001981   .0030972 
        r171 | -1.440109   1.416644    .309361 
        r172 | -1.719714   1.692194   .3095041 
        r173 | -2.024255   1.405863   .1499052 
        r174 | -3.534477   1.471353    .016297 
        r175 | -.7308831   2.459321   .7663222 
        r176 | -.1268565   2.004569   .9495406 
        r177 |  -1.17768   2.073126   .5699877 
        r178 | -3.863983   1.805343   .0323302 
        r179 | -1.801595    2.19299   .4113475 
        r180 | -2.568553   1.164233   .0273686 
        r181 | -1.703456   .7040592   .0155428 
        r182 | -1.874267   1.132353   .0978846 
        r183 | -2.248915   1.477615   .1280117 
        r184 | -2.421797   2.265757   .2851287 
        r185 | -.8427662   .8941853   .3459387 
        r186 | -3.758108   1.199268   .0017264 
        r187 | -.9893322   .9625556   .3040354 
        r188 | -1.432911   .9429462    .128609 
        r189 | -2.126864   1.540499   .1673916 
        r190 | -1.691158   1.564052   .2795785 
        r191 | -4.771824    1.60755   .0029937 
        r192 | -3.433494    1.77614   .0532212 
        r193 | -2.116543   1.852335   .2531901 
        r194 | -2.482948   1.347919   .0654664 
        r195 | -3.198868   2.046571   .1180436 
        r196 | -3.581156   1.336382   .0073679 
        r197 | -3.182534   1.770928   .0723198 
        r198 | -3.502777   1.684599   .0375904 
        r199 | -2.404161   1.064705   .0239423 
        r200 |  -2.57064   1.299588    .047924 

. matlist j

             |        c1         c2         c3 
-------------+---------------------------------
          r1 | -3.610866   .9665382   .0001871 
          r2 | -2.562213   .9728123    .008443 
          r3 | -4.244648   1.965706    .030823 
          r4 | -2.599526   .8578049    .002442 
          r5 |  -3.23437   .7627256   .0000223 
          r6 | -2.357785   1.125214   .0361346 
          r7 | -3.198547   1.733278    .064983 
          r8 | -2.443545   1.514516   .1066541 
          r9 | -2.766717   1.632762   .0901701 
         r10 | -3.229675    1.12745   .0041756 
         r11 | -3.032444   1.022732   .0030264 
         r12 | -2.460201   .9803458   .0120894 
         r13 | -2.643181   .9168262   .0039395 
         r14 | -2.687601   1.032291   .0092269 
         r15 | -2.733399    .970247   .0048441 
         r16 | -2.697606   .9347211   .0039017 
         r17 | -3.340035   .9419921   .0003915 
         r18 | -.3685912   1.112586   .7404237 
         r19 | -3.142011   1.267155   .0131538 
         r20 |   -2.2538   .8602813   .0087971 
         r21 | -2.989872   .5938284   4.78e-07 
         r22 | -2.359395   1.173808   .0444275 
         r23 |  -2.23364   1.131782   .0484318 
         r24 | -2.213586    1.04945   .0349202 
         r25 | -2.953792   1.168137   .0114507 
         r26 | -1.341438   .8291478   .1056946 
         r27 | -2.705818   1.051099   .0100451 
         r28 | -3.200876   1.029599   .0018781 
         r29 | -3.596576   .9569634   .0001711 
         r30 | -4.438586   1.164902   .0001388 
         r31 | -2.572546   1.024417   .0120311 
         r32 | -2.552777   .9941152    .010232 
         r33 | -3.316551   1.386502   .0167555 
         r34 | -2.229887   .9474241    .018591 
         r35 | -2.594127   1.391066   .0622027 
         r36 | -3.834918   1.024564   .0001819 
         r37 |  -3.30987   1.300821   .0109451 
         r38 | -4.233773   1.185905   .0003569 
         r39 | -1.354381    1.12109   .2270115 
         r40 | -3.247104   .6600713   8.68e-07 
         r41 | -3.092941     1.2396   .0125917 
         r42 | -.9857655   1.242602   .4275988 
         r43 | -3.463449   .8830625   .0000878 
         r44 | -2.789033   .9959733   .0051054 
         r45 | -3.111365   .8196058   .0001469 
         r46 | -3.179193   1.131598   .0049623 
         r47 | -1.910476   1.007344   .0578877 
         r48 | -4.334146   1.407295   .0020716 
         r49 | -3.435336   1.469002   .0193587 
         r50 | -3.257178   1.338152   .0149294 
         r51 | -1.023577   1.399872    .464661 
         r52 | -1.407888   .9602218   .1425908 
         r53 | -3.293324   .9833693    .000811 
         r54 | -4.014892   1.668317   .0161039 
         r55 | -3.201283   .7627627   .0000271 
         r56 | -2.520267   .9473474   .0078061 
         r57 |  -2.89895   .6994275    .000034 
         r58 | -2.577961   .9837812   .0087811 
         r59 | -2.802791   1.227172   .0223749 
         r60 | -2.427127   1.010767   .0163382 
         r61 | -3.702963   .7525321   8.62e-07 
         r62 | -2.629755    .631705   .0000314 
         r63 | -3.399745   .9510504   .0003506 
         r64 |  -1.57725    1.59969   .3241465 
         r65 | -2.213933   1.404439   .1149376 
         r66 | -3.306475   .7354289   6.92e-06 
         r67 | -2.781654   1.008087   .0057918 
         r68 |  -2.62265     1.4781   .0760072 
         r69 | -3.003546   1.093991    .006042 
         r70 | -1.967888   1.584148   .2141491 
         r71 | -3.776464   .9801515   .0001167 
         r72 |  -3.69268   1.047232   .0004217 
         r73 | -2.709665   1.390636   .0513542 
         r74 |   -2.7909   .9451959   .0031499 
         r75 | -2.266043    1.29536   .0802298 
         r76 | -1.924436   1.736284   .2677042 
         r77 | -2.094022   1.092976    .055379 
         r78 | -3.297733   .7744322   .0000206 
         r79 | -2.840375   1.102471   .0099843 
         r80 | -2.721075   .9736509   .0051946 
         r81 | -2.233961   .9154782   .0146786 
         r82 | -3.682326   1.781584   .0387452 
         r83 | -3.197562   .5388088   2.95e-09 
         r84 | -1.543318   .9995431   .1225825 
         r85 | -4.580267   1.858549   .0137231 
         r86 | -4.171285   1.021744   .0000446 
         r87 | -1.855528    1.41405     .18945 
         r88 | -2.376882   1.159601   .0403897 
         r89 | -2.736081   1.055807    .009557 
         r90 | -1.850142   1.390723   .1834044 
         r91 | -2.377891   .7459655   .0014342 
         r92 | -4.131088   1.135642   .0002751 
         r93 | -1.401385    .887324   .1142583 
         r94 | -2.153967   1.082511   .0466142 
         r95 | -1.511365   .6870084   .0278124 
         r96 | -2.950018   .9001839   .0010487 
         r97 | -2.184899   1.226677   .0748874 
         r98 | -3.255446   1.281412   .0110689 
         r99 | -2.483975   1.724588   .1497741 
        r100 |  -3.08801    1.67338   .0649833 
        r101 | -2.751996    1.43861   .0557538 
        r102 | -2.811176   1.020937   .0058957 
        r103 | -2.671122   .9309086   .0041129 
        r104 | -1.187336   .6870407   .0839544 
        r105 | -3.048611   1.114957   .0062516 
        r106 | -3.530402   1.196017   .0031593 
        r107 | -2.124883   1.137922   .0618547 
        r108 | -3.028188    1.20698   .0121109 
        r109 |  -3.23969   1.757957   .0653477 
        r110 | -3.721598   1.736396   .0320899 
        r111 | -2.794075   1.096585   .0108349 
        r112 | -3.945338   1.528204    .009832 
        r113 | -2.797631   1.137131   .0138839 
        r114 | -2.918185   1.074809   .0066261 
        r115 | -1.584809   .8197103   .0531898 
        r116 |  -2.57141   1.156267   .0261559 
        r117 | -1.383539   1.308788   .2904593 
        r118 | -2.223653   1.099293   .0430935 
        r119 | -3.094681   .7721656   .0000613 
        r120 | -4.109875   1.458442   .0048325 
        r121 | -4.000759   .9366715   .0000194 
        r122 | -1.422453   1.440794   .3235102 
        r123 | -2.474403   1.184445   .0367004 
        r124 | -3.714068   1.063857    .000481 
        r125 | -2.553916   .8816357     .00377 
        r126 | -1.776867   .8144321   .0291299 
        r127 | -3.887523   1.088207   .0003537 
        r128 | -2.605355   1.078919   .0157446 
        r129 | -3.735215   1.673513   .0256175 
        r130 | -1.992286   1.581486   .2077575 
        r131 | -.7857477   1.847885   .6706802 
        r132 | -1.511204   1.491582    .310986 
        r133 | -2.914817   1.160225   .0119952 
        r134 |  -2.55166   1.050308   .0151222 
        r135 | -3.491728   1.258279   .0055201 
        r136 | -3.486474   1.125699   .0019538 
        r137 | -2.747112   1.065436   .0099261 
        r138 | -1.325783   1.177686   .2602701 
        r139 |  -2.32148   .7668793   .0024685 
        r140 | -1.518985   1.559206    .329955 
        r141 | -3.120311   1.002198    .001849 
        r142 | -2.068201   .7736697   .0075124 
        r143 | -2.696015   1.291098   .0367837 
        r144 | -1.862775   1.037884   .0726884 
        r145 | -4.323829   1.329684   .0011469 
        r146 | -.8867827   .9300598   .3403528 
        r147 |  -1.59431    1.20448   .1856192 
        r148 | -1.990523   1.129373   .0779846 
        r149 | -3.411407   .7426297   4.35e-06 
        r150 | -2.853709   1.273973   .0250905 
        r151 | -2.498138   1.409829   .0764038 
        r152 | -2.793498   .6216171   6.99e-06 
        r153 | -1.817075   1.302309    .162934 
        r154 | -2.142965   1.547073   .1659994 
        r155 | -3.987781   1.498755   .0077971 
        r156 | -1.568582   .8722243   .0721183 
        r157 | -3.910588   .9304438   .0000263 
        r158 | -1.970805     1.0985   .0727992 
        r159 | -2.419369   1.678355   .1494399 
        r160 | -4.340273   1.550865   .0051322 
        r161 | -4.087671   1.018484   .0000598 
        r162 | -4.722799   1.260612   .0001794 
        r163 |  -2.95498    .535904   3.51e-08 
        r164 | -2.498768   1.197255   .0368809 
        r165 | -.2850414   1.277535   .8234435 
        r166 | -2.324807   1.478026   .1157389 
        r167 |  -1.39537   .7428215   .0603166 
        r168 | -2.700294   1.124024   .0162903 
        r169 | -2.470898   1.014178   .0148361 
        r170 | -3.381323   .9830455   .0005825 
        r171 |  -2.10634   1.059794   .0468671 
        r172 | -2.317269   1.574348   .1410502 
        r173 | -2.631264   1.111751   .0179438 
        r174 | -3.765153   1.239126   .0023771 
        r175 | -1.784834   .9725109   .0664636 
        r176 | -1.088856   .9871553   .2700168 
        r177 | -1.971382    1.31367   .1334416 
        r178 | -3.871033   1.405319   .0058771 
        r179 | -2.331754   1.201938   .0523803 
        r180 | -2.865015   .6532588   .0000116 
        r181 | -2.098129   .5360622   .0000908 
        r182 | -2.428084   .8940348   .0066101 
        r183 | -2.757944   1.104527   .0125268 
        r184 | -2.730386   1.258399   .0300273 
        r185 | -1.052859   1.021351   .3026116 
        r186 | -3.917712   .8688597   6.51e-06 
        r187 | -1.274155   .9388183   .1747207 
        r188 | -1.731526   .8617264    .044498 
        r189 | -2.558035   1.033967    .013361 
        r190 | -2.514887    .816364   .0020659 
        r191 | -4.487505   1.141349   .0000843 
        r192 | -3.461999   .8430527   .0000402 
        r193 | -2.600058   .7655052   .0006825 
        r194 | -2.852563   .8704452   .0010487 
        r195 | -3.527682   1.440707   .0143422 
        r196 | -3.784417    1.10174   .0005927 
        r197 | -3.362143   .9876159   .0006633 
        r198 | -3.566244   .9112848    .000091 
        r199 |  -2.79461   .8749113   .0014024 
        r200 | -2.984801   .9205201   .0011848 

. matlist k

             |        c1         c2         c3 
-------------+---------------------------------
          r1 |  1.581795   .5636513   .0050108 
          r2 |   1.61778   .5669025   .0043211 
          r3 |  1.644421    .527225   .0018146 
          r4 |  1.590384   .4735763   .0007844 
          r5 |  1.553804   .5156757   .0025856 
          r6 |  1.641183   .4311715    .000141 
          r7 |  1.596113   .5114227   .0018028 
          r8 |  1.683223   .5579953   .0025567 
          r9 |  1.684083   .4935003   .0006436 
         r10 |  1.647373   .5112085   .0012707 
         r11 |  1.720403   .5282444   .0011266 
         r12 |  1.644848   .5379658   .0022317 
         r13 |  1.561096   .4956041   .0016333 
         r14 |  1.620449   .5393129   .0026588 
         r15 |  1.607391   .5049268   .0014555 
         r16 |  1.617285   .5054554   .0013759 
         r17 |  1.579914   .5414242    .003522 
         r18 |  1.782213   .5237549   .0006671 
         r19 |  1.551792   .5287645   .0033382 
         r20 |  1.689917   .5418523    .001816 
         r21 |  1.575548   .4648181   .0006999 
         r22 |  1.597828   .5153294   .0019313 
         r23 |  1.695342   .4846865   .0004691 
         r24 |   1.70871   .5380395   .0014942 
         r25 |  1.620517   .5221917   .0019138 
         r26 |  1.649146   .4860606   .0006916 
         r27 |  1.705391   .4848978   .0004364 
         r28 |  1.733513   .5477081   .0015507 
         r29 |  1.599636   .4934817   .0011889 
         r30 |  1.722332   .5447339    .001568 
         r31 |  1.504288   .4646688   .0012065 
         r32 |  1.662873   .5718594   .0036394 
         r33 |  1.706802   .5555575   .0021246 
         r34 |  1.593309   .5051506   .0016098 
         r35 |  1.593852    .496732   .0013335 
         r36 |  1.666134   .5528303   .0025798 
         r37 |  1.648806   .4943462    .000852 
         r38 |   1.60119   .5474541   .0034469 
         r39 |  1.655504   .4984955    .000897 
         r40 |   1.62576   .4820763   .0007451 
         r41 |  1.571422   .5193742   .0024814 
         r42 |  1.715652   .5619673   .0022661 
         r43 |  1.534743   .5012375   .0021993 
         r44 |  1.656537   .5328894   .0018798 
         r45 |  1.620049   .4758391   .0006626 
         r46 |  1.641256   .5100353   .0012912 
         r47 |  1.647517   .5230591    .001634 
         r48 |   1.54255   .5757166   .0073764 
         r49 |  1.654069   .5477257   .0025287 
         r50 |  1.652794   .5570656   .0030075 
         r51 |  1.721328   .5560033   .0019622 
         r52 |  1.703417    .515404   .0009497 
         r53 |  1.629725   .5103038   .0014049 
         r54 |  1.564934   .5130035   .0022844 
         r55 |  1.691545   .5502941   .0021129 
         r56 |  1.694213   .4951161    .000622 
         r57 |  1.615465   .5193342   .0018668 
         r58 |  1.541748   .5114947   .0025766 
         r59 |  1.645058    .537912   .0022265 
         r60 |  1.556878   .4997359   .0018369 
         r61 |  1.566627   .4926704   .0014734 
         r62 |  1.584927   .5445418   .0036077 
         r63 |  1.612252   .5742481   .0049914 
         r64 |  1.645064   .5527478   .0029189 
         r65 |  1.671035   .4994451   .0008205 
         r66 |  1.628729   .5420928     .00266 
         r67 |  1.630415   .5127572   .0014743 
         r68 |   1.83841   .5822723   .0015924 
         r69 |  1.626193   .5202768   .0017742 
         r70 |  1.797897    .603164   .0028752 
         r71 |  1.536358   .5231552   .0033171 
         r72 |  1.621544   .5635803    .004012 
         r73 |  1.693501   .4671405   .0002887 
         r74 |   1.59333   .5294407   .0026171 
         r75 |  1.565472   .5060433   .0019778 
         r76 |  1.697259   .5411382     .00171 
         r77 |  1.600232   .4590884   .0004909 
         r78 |  1.626654    .498705   .0011072 
         r79 |  1.625344   .5066638   .0013369 
         r80 |  1.572973    .519917   .0024828 
         r81 |  1.609608    .503731   .0013965 
         r82 |  1.587444   .5435088   .0034921 
         r83 |  1.531831   .4875032   .0016768 
         r84 |  1.647363   .5131333   .0013255 
         r85 |  1.628777   .5655111   .0039744 
         r86 |  1.504394   .5293673   .0044849 
         r87 |  1.671704   .5126505   .0011106 
         r88 |  1.632508   .5026525   .0011631 
         r89 |  1.571352   .4926437   .0014245 
         r90 |  1.670649   .5378999   .0018972 
         r91 |  1.667863   .4731233   .0004231 
         r92 |  1.520873   .5415842    .004982 
         r93 |  1.629253   .5033113   .0012076 
         r94 |   1.60173   .4813635   .0008763 
         r95 |  1.764081   .4869748   .0002917 
         r96 |  1.571232   .4943208     .00148 
         r97 |   1.70541   .5308165   .0013145 
         r98 |  1.653854   .5425249   .0023003 
         r99 |  1.684271   .5094936   .0009471 
        r100 |  1.529317    .485326   .0016265 
        r101 |  1.603652   .5646557   .0045106 
        r102 |  1.628248   .5335314   .0022745 
        r103 |  1.573121   .4910403    .001357 
        r104 |   1.74051    .516467   .0007516 
        r105 |  1.700122   .5304222   .0013496 
        r106 |   1.61582   .5640104   .0041717 
        r107 |  1.657826   .5355761   .0019654 
        r108 |  1.585173    .529187   .0027401 
        r109 |  1.675934   .5729843   .0034454 
        r110 |  1.560719   .5460048   .0042574 
        r111 |  1.482459   .4963222   .0028183 
        r112 |  1.576899   .5521115   .0042885 
        r113 |  1.574978    .486912    .001218 
        r114 |   1.70907   .5115425   .0008347 
        r115 |  1.726881    .477157   .0002956 
        r116 |  1.633576    .539557   .0024648 
        r117 |  1.698362   .4961597   .0006193 
        r118 |  1.688322    .513293   .0010047 
        r119 |  1.688247   .5417693   .0018321 
        r120 |   1.54093   .5332275   .0038547 
        r121 |   1.57579   .5095489   .0019846 
        r122 |  1.717916   .5155298   .0008612 
        r123 |  1.599865   .5056106    .001555 
        r124 |  1.494672   .5143657   .0036625 
        r125 |  1.657289   .5235538   .0015484 
        r126 |  1.670141   .4835799   .0005529 
        r127 |  1.595838   .5336768   .0027873 
        r128 |  1.664435   .5328203   .0017852 
        r129 |  1.553435   .5562798   .0052296 
        r130 |  1.747877   .5079188    .000579 
        r131 |  1.772721   .4908567   .0003045 
        r132 |  1.729417   .4901822   .0004185 
        r133 |  1.643569   .5188352   .0015359 
        r134 |  1.659121   .4890274   .0006921 
        r135 |  1.614207   .5126186   .0016386 
        r136 |  1.678678   .5454737   .0020877 
        r137 |  1.638176    .560079   .0034457 
        r138 |   1.72551   .5338387   .0012281 
        r139 |   1.54647   .5202946   .0029558 
        r140 |  1.696185   .5141616   .0009705 
        r141 |  1.558252    .465569    .000817 
        r142 |  1.663832   .4975788   .0008262 
        r143 |  1.713983   .4942276   .0005243 
        r144 |  1.641316   .5130632   .0013788 
        r145 |   1.45992   .5558542   .0086282 
        r146 |  1.751706   .4823218   .0002814 
        r147 |  1.693379   .4947291   .0006197 
        r148 |  1.654419   .4874586   .0006889 
        r149 |  1.640759   .5181971    .001544 
        r150 |  1.819177    .570627   .0014324 
        r151 |  1.698919   .5591727   .0023794 
        r152 |   1.65354   .5037378   .0010288 
        r153 |  1.744366   .5255616   .0009032 
        r154 |  1.684741   .5440767   .0019581 
        r155 |  1.532701   .5257428   .0035534 
        r156 |  1.680868   .4580388   .0002428 
        r157 |  1.536596   .4989934   .0020742 
        r158 |  1.717094   .5179818   .0009165 
        r159 |  1.713935   .5391999   .0014796 
        r160 |  1.563919   .5383656   .0036732 
        r161 |  1.563943   .5820745   .0072131 
        r162 |  1.467079   .5639624    .009285 
        r163 |  1.641549   .5278609   .0018721 
        r164 |  1.597965   .5053137   .0015652 
        r165 |  1.865294   .5494234   .0006863 
        r166 |  1.682217   .5528018   .0023418 
        r167 |  1.620537   .4964679    .001098 
        r168 |  1.614383   .5123727   .0016283 
        r169 |   1.68462   .5409831   .0018457 
        r170 |  1.545824   .5257083   .0032773 
        r171 |    1.7486   .5482871   .0014266 
        r172 |   1.70635    .564673   .0025125 
        r173 |  1.555386   .5635266   .0057785 
        r174 |  1.640674   .5369315   .0022457 
        r175 |  1.772615   .5306206   .0008358 
        r176 |  1.683307   .5261244   .0013769 
        r177 |  1.648523    .513779   .0013337 
        r178 |  1.495415    .568008     .00847 
        r179 |  1.651417    .522851   .0015859 
        r180 |   1.69299    .484124   .0004705 
        r181 |  1.578622   .4972202   .0014989 
        r182 |  1.596098   .5013959    .001456 
        r183 |  1.597229   .5128439   .0018428 
        r184 |  1.681268    .516208   .0011261 
        r185 |  1.786102   .5646417   .0015602 
        r186 |  1.445753   .4827347   .0027451 
        r187 |   1.68887   .5455354   .0019628 
        r188 |   1.74712   .5359614    .001115 
        r189 |  1.642896   .4731067   .0005155 
        r190 |  1.576507   .5171261   .0022992 
        r191 |  1.563472   .5388312   .0037126 
        r192 |  1.659786   .4963665   .0008262 
        r193 |  1.680298   .4984594    .000749 
        r194 |  1.558416   .5168207   .0025665 
        r195 |  1.585335   .5397986   .0033151 
        r196 |  1.677898   .5564451   .0025665 
        r197 |  1.632977   .4785063   .0006433 
        r198 |  1.631424   .4978862   .0010503 
        r199 |  1.600386   .5215294   .0021504 
        r200 |  1.721322   .5178906   .0008883 

. log close
      name:  <unnamed>
       log:  C:\Users\aguido\Documents\GitHub\Social_norm_meta_analysis\Analysis\../prova/output.log
  log type:  text
 closed on:   6 Sep 2023, 08:51:44
-------------------------------------------------------------------------------------------------------------------------------------------------------------
