-------------------------------------------------------------------------------------------------------------------------------------------------------------
      name:  <unnamed>
       log:  C:\Users\aguido\Documents\GitHub\Social_norm_meta_analysis\Analysis\output.log
  log type:  text
 opened on:   5 Sep 2023, 23:28:55

. matlist v

             |        c1         c2         c3 
-------------+---------------------------------
          r1 | -1.443783   1.479504   .3291355 
          r2 | -3.500195    .716325   1.03e-06 
          r3 |         0          0          0 
          r4 |         0          0          0 
          r5 |         0          0          0 
          r6 |         0          0          0 
          r7 |         0          0          0 
          r8 |         0          0          0 
          r9 |         0          0          0 
         r10 |         0          0          0 

. log close
      name:  <unnamed>
       log:  C:\Users\aguido\Documents\GitHub\Social_norm_meta_analysis\Analysis\output.log
  log type:  text
 closed on:   5 Sep 2023, 23:28:55
-------------------------------------------------------------------------------------------------------------------------------------------------------------
