-----------------------------------------------------------------------------------------------------------------------------------------------------------------------------
      name:  <unnamed>
       log:  /Users/Stefano/Documents/GitHub/Social_norm_meta_analysis/Analysis/stata_SE_ONG.log
  log type:  text
 opened on:  14 Apr 2022, 15:09:17

. 
. foreach l of local levels {
  2.   di "`l' `se_deltaS`l'' `se_alphaA`l'' `se_deltaN`l'' `se_gammaN`l'' `se_rhoBA`l'' `se_sigmaBA`l'' `se_rhoCP`l'' `se_sigmaCP`l'' `se_rhoCO`l'' `se_sigmaCO`l'' `se_rhoD
> A`l'' `se_sigmaDA`l'' "
  3.  } 
2007Lis165_1a .1593181579765406 .0796590789891124 .8019476030725468 1.45016999850405 0 .269195000538063 .1293573498391156 0 .1587669734926388 .4081353680795397 .158766973492
> 6389 .4081353680795396 
2012Laz164_3 .0298965067818223 .0149482533928464 .17000486800914 .5321697453248797 0 .1016314359788288 .0278518378000836 0 .0311048693699063 .2521002299812445 .0311048693699
> 063 .2521002299812447 
2013Kru001_1a .0519764598385642 .0259882295809655 .1897403451130584 .6830897965754217 0 .0786825490351172 .0443270367723785 0 .0490051900848092 .1500723465553589 .0490051900
> 848092 .150072346555359 
2016Kim003_7 .0255419580204063 .0127709779050751 .1535822234715158 .7617326368603883 0 .0620173672946007 .026806847810766 0 .0289027143576434 .1300383191741943 .028902714357
> 6435 .1300383191741915 
2018Her061_9 .0942118377987152 .0471059069693236 .5218846149433627 1.660210332818538 0 .0821994936526778 .0646667407083909 0 .0689509533081617 .2583651441723589 .06895095330
> 81616 .2583651441723583 
2019Cha026_1 .0455103074547229 .0227551536793252 .2632824034876217 1.200839408541962 0 .0568964314689032 .0505714419821135 0 .0568895387265758 .1142427070673209 .05688953872
> 65758 .1142427070673209 
2020Bas115_2a .0285159059485802 .0142579507699268 .3192639958453912 .9275088974514143 0 .1215030518561189 .0290661726151239 0 .0332315889199433 .3170252995273201 .0332315889
> 199433 .3170252995273201 

. 
. log close
      name:  <unnamed>
       log:  /Users/Stefano/Documents/GitHub/Social_norm_meta_analysis/Analysis/stata_SE_ONG.log
  log type:  text
 closed on:  14 Apr 2022, 15:09:17
-----------------------------------------------------------------------------------------------------------------------------------------------------------------------------
