-----------------------------------------------------------------------------------------------------------------------------------------------------------------------------------------------------------------------------------------------
      name:  <unnamed>
       log:  /Users/Stefano/Documents/GitHub/Social_norm_meta_analysis/Analysis/stata_MODELS_DON.log
  log type:  text
 opened on:  13 Apr 2022, 10:09:03

. 
. *local i = 1
. foreach l of local levels {
  2.         di "treatment -> `l' "
  3.         
.         /* Selfish */
.         clogit a payoff if treatment_id == "`l'", group(id) iter(50) vce(rob)
  4.         est store S`l'
  5.         local deltaS`l' = _b[payoff]
  6.         local se_deltaS`l' = _se[payoff]
  7.         
.         /* Altruism */
.         clogit a payoff alpha if treatment_id == "`l'", group(id) iter(50) vce(rob) collinear constraint(1)
  8.         est store A`l'
  9.         local alphaA`l' = _b[alpha]
 10.         local se_alphaA`l' = _se[alpha]
 11. 
.         /* Social expectation - Norm */
.         clogit a payoff mean_app if treatment_id == "`l'", group(id) vce(rob)
 12.         est store N`l'
 13.         local deltaN`l' = _b[payoff]
 14.         local gammaN`l' = _b[mean_app]
 15.         local se_deltaN`l' = _se[payoff]
 16.         local se_gammaN`l' = _se[mean_app]
 17.         
.         /* Behindness averse */
.         clogit a payoff rho sigma if treatment_id == "`l'", group(id) iter(50) vce(rob) collinear constraints(1 2)
 18.         est store BA`l'
 19.         local rhoBA`l' = _b[rho]
 20.         local sigmaBA`l' = _b[sigma]
 21.         local se_rhoBA`l' = _se[rho]
 22.         local se_sigmaBA`l' = _se[sigma]
 23.         
.         /* Charity prone */
.         clogit a payoff rho sigma if treatment_id == "`l'", group(id) iter(50) vce(rob) collinear constraints(1 4)
 24.         est store CP`l'
 25.         local rhoCP`l' = _b[rho]
 26.         local sigmaCP`l' = _b[sigma]
 27.         local se_rhoCP`l' = _se[rho]
 28.         local se_sigmaCP`l' = _se[sigma]
 29.         
.         /* Competitive */
.         clogit a payoff rho sigma if treatment_id == "`l'", group(id) iter(50) vce(rob) collinear constraints(1 3)
 30.         est store CO`l'
 31.         local rhoCO`l' = _b[rho]
 32.         local sigmaCO`l' = _b[sigma]
 33.         local se_rhoCO`l' = _se[rho]
 34.         local se_sigmaCO`l' = _se[sigma]
 35. 
.         /* Difference averse */
.         clogit a payoff rho sigma if treatment_id == "`l'", group(id) iter(50) vce(rob) collinear constraint(1)
 36.         est store DA`l'
 37.         local rhoDA`l' = _b[rho]
 38.         local sigmaDA`l' = _b[sigma]
 39.         local se_rhoDA`l' = _se[rho]
 40.         local se_sigmaDA`l' = _se[sigma]
 41.         
. }
treatment -> 2020And089_1 

Iteration 0:   log pseudolikelihood = -334.12875  
Iteration 1:   log pseudolikelihood = -333.78917  
Iteration 2:   log pseudolikelihood = -333.78912  
Iteration 3:   log pseudolikelihood = -333.78912  

Conditional (fixed-effects) logistic regression

                                                Number of obs     =      1,146
                                                Wald chi2(1)      =      11.11
                                                Prob > chi2       =     0.0009
Log pseudolikelihood = -333.78912               Pseudo R2         =     0.0247

                                     (Std. Err. adjusted for clustering on id)
------------------------------------------------------------------------------
             |               Robust
           a |      Coef.   Std. Err.      z    P>|z|     [95% Conf. Interval]
-------------+----------------------------------------------------------------
      payoff |  -.0176528   .0052961    -3.33   0.001     -.028033   -.0072726
------------------------------------------------------------------------------

Iteration 0:   log pseudolikelihood = -5740.0087  
Iteration 1:   log pseudolikelihood = -2347.0246  (backed up)
Iteration 2:   log pseudolikelihood =  -744.0159  (backed up)
Iteration 3:   log pseudolikelihood = -442.66839  
Iteration 4:   log pseudolikelihood = -441.71968  
Iteration 5:   log pseudolikelihood = -343.01873  
Iteration 6:   log pseudolikelihood =   -333.896  
Iteration 7:   log pseudolikelihood = -333.78912  
Iteration 8:   log pseudolikelihood = -333.78912  

Conditional (fixed-effects) logistic regression

                                                Number of obs     =      1,146
                                                Wald chi2(1)      =   36921.78
                                                Prob > chi2       =     0.0000
Log pseudolikelihood = -333.78912               Pseudo R2         =     0.0247

 ( 1)  [a]payoff = 1
                                     (Std. Err. adjusted for clustering on id)
------------------------------------------------------------------------------
             |               Robust
           a |      Coef.   Std. Err.      z    P>|z|     [95% Conf. Interval]
-------------+----------------------------------------------------------------
      payoff |          1  (constrained)
       alpha |   .5088264   .0026481   192.15   0.000     .5036363    .5140165
------------------------------------------------------------------------------

Iteration 0:   log pseudolikelihood = -322.81851  
Iteration 1:   log pseudolikelihood = -321.80747  
Iteration 2:   log pseudolikelihood = -321.80674  
Iteration 3:   log pseudolikelihood = -321.80674  

Conditional (fixed-effects) logistic regression

                                                Number of obs     =      1,146
                                                Wald chi2(2)      =      29.28
                                                Prob > chi2       =     0.0000
Log pseudolikelihood = -321.80674               Pseudo R2         =     0.0597

                                     (Std. Err. adjusted for clustering on id)
------------------------------------------------------------------------------
             |               Robust
           a |      Coef.   Std. Err.      z    P>|z|     [95% Conf. Interval]
-------------+----------------------------------------------------------------
      payoff |  -.1192083   .0239069    -4.99   0.000     -.166065   -.0723516
    mean_app |  -4.262604   .9336458    -4.57   0.000    -6.092516   -2.432692
------------------------------------------------------------------------------

Iteration 0:   log pseudolikelihood = -5740.0087  
Iteration 1:   log pseudolikelihood = -1982.2062  (backed up)
Iteration 2:   log pseudolikelihood =  -1384.646  (backed up)
Iteration 3:   log pseudolikelihood =  -1274.421  
Iteration 4:   log pseudolikelihood = -1262.3553  
Iteration 5:   log pseudolikelihood = -1262.2858  
Iteration 6:   log pseudolikelihood = -1262.2858  

Conditional (fixed-effects) logistic regression

                                                Number of obs     =      1,146
                                                Wald chi2(1)      =  128164.68
                                                Prob > chi2       =     0.0000
Log pseudolikelihood = -1262.2858               Pseudo R2         =    -2.6885

 ( 1)  [a]payoff = 1
 ( 2)  [a]rho = 0
                                     (Std. Err. adjusted for clustering on id)
------------------------------------------------------------------------------
             |               Robust
           a |      Coef.   Std. Err.      z    P>|z|     [95% Conf. Interval]
-------------+----------------------------------------------------------------
      payoff |          1  (constrained)
         rho |          0  (omitted)
       sigma |   .9986179   .0027894   358.00   0.000     .9931508    1.004085
------------------------------------------------------------------------------

Iteration 0:   log pseudolikelihood = -6269.9098  
Iteration 1:   log pseudolikelihood = -5864.3212  (backed up)
Iteration 2:   log pseudolikelihood = -2807.6242  (backed up)
Iteration 3:   log pseudolikelihood = -2411.1396  
Iteration 4:   log pseudolikelihood = -2410.2722  
Iteration 5:   log pseudolikelihood = -2410.2596  
Iteration 6:   log pseudolikelihood = -2410.2596  

Conditional (fixed-effects) logistic regression

                                                Number of obs     =      1,146
                                                Wald chi2(1)      =    1460.92
                                                Prob > chi2       =     0.0000
Log pseudolikelihood = -2410.2596               Pseudo R2         =    -6.0429

 ( 1)  [a]payoff = 1
 ( 2)  [a]sigma = 0
                                     (Std. Err. adjusted for clustering on id)
------------------------------------------------------------------------------
             |               Robust
           a |      Coef.   Std. Err.      z    P>|z|     [95% Conf. Interval]
-------------+----------------------------------------------------------------
      payoff |          1  (constrained)
         rho |   .5837776   .0152734    38.22   0.000     .5538424    .6137129
       sigma |          0  (omitted)
------------------------------------------------------------------------------
(note: constraint number 3 caused error r(131))

Iteration 0:   log pseudolikelihood = -6269.9098  
Iteration 1:   log pseudolikelihood = -4545.9916  (backed up)
Iteration 2:   log pseudolikelihood = -4503.3899  (backed up)
Iteration 3:   log pseudolikelihood = -1871.3177  (backed up)
Iteration 4:   log pseudolikelihood = -1041.9981  
Iteration 5:   log pseudolikelihood = -600.36127  (backed up)
Iteration 6:   log pseudolikelihood = -337.28291  
Iteration 7:   log pseudolikelihood = -322.23248  
Iteration 8:   log pseudolikelihood = -311.64761  
Iteration 9:   log pseudolikelihood = -311.62494  
Iteration 10:  log pseudolikelihood = -311.62494  

Conditional (fixed-effects) logistic regression

                                                Number of obs     =      1,146
                                                Wald chi2(2)      =   77242.85
                                                Prob > chi2       =     0.0000
Log pseudolikelihood = -311.62494               Pseudo R2         =     0.0894

 ( 1)  [a]payoff = 1
                                     (Std. Err. adjusted for clustering on id)
------------------------------------------------------------------------------
             |               Robust
           a |      Coef.   Std. Err.      z    P>|z|     [95% Conf. Interval]
-------------+----------------------------------------------------------------
      payoff |          1  (constrained)
         rho |   .4746467   .0055648    85.29   0.000     .4637399    .4855535
       sigma |   .5377649   .0057171    94.06   0.000     .5265596    .5489702
------------------------------------------------------------------------------

Iteration 0:   log pseudolikelihood = -6269.9098  
Iteration 1:   log pseudolikelihood = -4545.9916  (backed up)
Iteration 2:   log pseudolikelihood = -4503.3899  (backed up)
Iteration 3:   log pseudolikelihood = -1871.3143  (backed up)
Iteration 4:   log pseudolikelihood = -1041.9982  
Iteration 5:   log pseudolikelihood = -600.35685  (backed up)
Iteration 6:   log pseudolikelihood = -337.27963  
Iteration 7:   log pseudolikelihood = -322.22884  
Iteration 8:   log pseudolikelihood =  -311.6476  
Iteration 9:   log pseudolikelihood = -311.62494  
Iteration 10:  log pseudolikelihood = -311.62494  

Conditional (fixed-effects) logistic regression

                                                Number of obs     =      1,146
                                                Wald chi2(2)      =   77242.85
                                                Prob > chi2       =     0.0000
Log pseudolikelihood = -311.62494               Pseudo R2         =     0.0894

 ( 1)  [a]payoff = 1
                                     (Std. Err. adjusted for clustering on id)
------------------------------------------------------------------------------
             |               Robust
           a |      Coef.   Std. Err.      z    P>|z|     [95% Conf. Interval]
-------------+----------------------------------------------------------------
      payoff |          1  (constrained)
         rho |   .4746467   .0055648    85.29   0.000     .4637399    .4855535
       sigma |   .5377649   .0057171    94.06   0.000     .5265596    .5489702
------------------------------------------------------------------------------
treatment -> 2020And089_2 

Iteration 0:   log pseudolikelihood = -324.47695  
Iteration 1:   log pseudolikelihood = -324.33426  
Iteration 2:   log pseudolikelihood = -324.33426  

Conditional (fixed-effects) logistic regression

                                                Number of obs     =      1,098
                                                Wald chi2(1)      =       4.96
                                                Prob > chi2       =     0.0259
Log pseudolikelihood = -324.33426               Pseudo R2         =     0.0109

                                     (Std. Err. adjusted for clustering on id)
------------------------------------------------------------------------------
             |               Robust
           a |      Coef.   Std. Err.      z    P>|z|     [95% Conf. Interval]
-------------+----------------------------------------------------------------
      payoff |  -.0116178   .0052143    -2.23   0.026    -.0218378   -.0013979
------------------------------------------------------------------------------

Iteration 0:   log pseudolikelihood = -5190.0083  
Iteration 1:   log pseudolikelihood = -2079.7535  (backed up)
Iteration 2:   log pseudolikelihood = -647.92711  (backed up)
Iteration 3:   log pseudolikelihood = -377.34246  
Iteration 4:   log pseudolikelihood = -333.45248  
Iteration 5:   log pseudolikelihood = -324.33432  
Iteration 6:   log pseudolikelihood = -324.33426  
Iteration 7:   log pseudolikelihood = -324.33426  

Conditional (fixed-effects) logistic regression

                                                Number of obs     =      1,098
                                                Wald chi2(1)      =   37638.66
                                                Prob > chi2       =     0.0000
Log pseudolikelihood = -324.33426               Pseudo R2         =     0.0109

 ( 1)  [a]payoff = 1
                                     (Std. Err. adjusted for clustering on id)
------------------------------------------------------------------------------
             |               Robust
           a |      Coef.   Std. Err.      z    P>|z|     [95% Conf. Interval]
-------------+----------------------------------------------------------------
      payoff |          1  (constrained)
       alpha |   .5058089   .0026072   194.01   0.000      .500699    .5109189
------------------------------------------------------------------------------

Iteration 0:   log pseudolikelihood = -320.70478  
Iteration 1:   log pseudolikelihood = -320.37972  
Iteration 2:   log pseudolikelihood = -320.37966  
Iteration 3:   log pseudolikelihood = -320.37966  

Conditional (fixed-effects) logistic regression

                                                Number of obs     =      1,098
                                                Wald chi2(2)      =      13.43
                                                Prob > chi2       =     0.0012
Log pseudolikelihood = -320.37966               Pseudo R2         =     0.0229

                                     (Std. Err. adjusted for clustering on id)
------------------------------------------------------------------------------
             |               Robust
           a |      Coef.   Std. Err.      z    P>|z|     [95% Conf. Interval]
-------------+----------------------------------------------------------------
      payoff |   -.072792   .0234641    -3.10   0.002    -.1187809   -.0268032
    mean_app |  -2.536792   .9512041    -2.67   0.008    -4.401118    -.672466
------------------------------------------------------------------------------

Iteration 0:   log pseudolikelihood = -5190.0083  
Iteration 1:   log pseudolikelihood = -1511.0199  (backed up)
Iteration 2:   log pseudolikelihood = -1377.9225  
Iteration 3:   log pseudolikelihood =  -1350.902  
Iteration 4:   log pseudolikelihood = -1345.2502  
Iteration 5:   log pseudolikelihood = -1345.2498  
Iteration 6:   log pseudolikelihood = -1345.2498  

Conditional (fixed-effects) logistic regression

                                                Number of obs     =      1,098
                                                Wald chi2(1)      =  122810.09
                                                Prob > chi2       =     0.0000
Log pseudolikelihood = -1345.2498               Pseudo R2         =    -3.1027

 ( 1)  [a]payoff = 1
 ( 2)  [a]rho = 0
                                     (Std. Err. adjusted for clustering on id)
------------------------------------------------------------------------------
             |               Robust
           a |      Coef.   Std. Err.      z    P>|z|     [95% Conf. Interval]
-------------+----------------------------------------------------------------
      payoff |          1  (constrained)
         rho |          0  (omitted)
       sigma |   .9946798   .0028384   350.44   0.000     .9891168    1.000243
------------------------------------------------------------------------------

Iteration 0:   log pseudolikelihood = -5586.7352  
Iteration 1:   log pseudolikelihood = -3980.0776  (backed up)
Iteration 2:   log pseudolikelihood = -3481.0033  
Iteration 3:   log pseudolikelihood = -2319.5531  
Iteration 4:   log pseudolikelihood = -2103.6283  
Iteration 5:   log pseudolikelihood = -2099.7887  
Iteration 6:   log pseudolikelihood = -2099.4462  
Iteration 7:   log pseudolikelihood = -2099.4453  
Iteration 8:   log pseudolikelihood = -2099.4453  

Conditional (fixed-effects) logistic regression

                                                Number of obs     =      1,098
                                                Wald chi2(1)      =    1805.67
                                                Prob > chi2       =     0.0000
Log pseudolikelihood = -2099.4453               Pseudo R2         =    -5.4029

 ( 1)  [a]payoff = 1
 ( 2)  [a]sigma = 0
                                     (Std. Err. adjusted for clustering on id)
------------------------------------------------------------------------------
             |               Robust
           a |      Coef.   Std. Err.      z    P>|z|     [95% Conf. Interval]
-------------+----------------------------------------------------------------
      payoff |          1  (constrained)
         rho |   .5743633   .0135166    42.49   0.000     .5478713    .6008554
       sigma |          0  (omitted)
------------------------------------------------------------------------------
(note: constraint number 3 caused error r(131))

Iteration 0:   log pseudolikelihood = -5586.7352  
Iteration 1:   log pseudolikelihood = -3403.3977  (backed up)
Iteration 2:   log pseudolikelihood =  -2873.192  (backed up)
Iteration 3:   log pseudolikelihood = -1892.7225  (backed up)
Iteration 4:   log pseudolikelihood = -928.12163  (backed up)
Iteration 5:   log pseudolikelihood = -710.45417  
Iteration 6:   log pseudolikelihood = -692.61344  
Iteration 7:   log pseudolikelihood = -577.71524  
Iteration 8:   log pseudolikelihood = -359.58684  
Iteration 9:   log pseudolikelihood = -328.30571  
Iteration 10:  log pseudolikelihood = -309.71692  
Iteration 11:  log pseudolikelihood = -309.67138  
Iteration 12:  log pseudolikelihood = -309.67138  

Conditional (fixed-effects) logistic regression

                                                Number of obs     =      1,098
                                                Wald chi2(2)      =   69012.12
                                                Prob > chi2       =     0.0000
Log pseudolikelihood = -309.67138               Pseudo R2         =     0.0556

 ( 1)  [a]payoff = 1
                                     (Std. Err. adjusted for clustering on id)
------------------------------------------------------------------------------
             |               Robust
           a |      Coef.   Std. Err.      z    P>|z|     [95% Conf. Interval]
-------------+----------------------------------------------------------------
      payoff |          1  (constrained)
         rho |   .4787805   .0057949    82.62   0.000     .4674227    .4901384
       sigma |   .5298522   .0058339    90.82   0.000     .5184179    .5412865
------------------------------------------------------------------------------

Iteration 0:   log pseudolikelihood = -5586.7352  
Iteration 1:   log pseudolikelihood = -3403.3977  (backed up)
Iteration 2:   log pseudolikelihood =  -2873.192  (backed up)
Iteration 3:   log pseudolikelihood = -1892.7225  (backed up)
Iteration 4:   log pseudolikelihood = -928.12163  (backed up)
Iteration 5:   log pseudolikelihood = -710.45417  
Iteration 6:   log pseudolikelihood = -692.61344  
Iteration 7:   log pseudolikelihood = -577.71524  
Iteration 8:   log pseudolikelihood = -359.58684  
Iteration 9:   log pseudolikelihood = -328.30571  
Iteration 10:  log pseudolikelihood = -309.71692  
Iteration 11:  log pseudolikelihood = -309.67138  
Iteration 12:  log pseudolikelihood = -309.67138  

Conditional (fixed-effects) logistic regression

                                                Number of obs     =      1,098
                                                Wald chi2(2)      =   69012.12
                                                Prob > chi2       =     0.0000
Log pseudolikelihood = -309.67138               Pseudo R2         =     0.0556

 ( 1)  [a]payoff = 1
                                     (Std. Err. adjusted for clustering on id)
------------------------------------------------------------------------------
             |               Robust
           a |      Coef.   Std. Err.      z    P>|z|     [95% Conf. Interval]
-------------+----------------------------------------------------------------
      payoff |          1  (constrained)
         rho |   .4787805   .0057949    82.62   0.000     .4674227    .4901384
       sigma |   .5298522   .0058339    90.82   0.000     .5184179    .5412865
------------------------------------------------------------------------------

. 
. foreach l of local levels {
  2. estimates stats N`l' CO`l' A`l' BA`l' CP`l' DA`l' S`l' 
  3. matrix temp = r(S)
  4. local N_AIC`l' = temp[1,5]
  5. local CO_AIC`l' = temp[2,5]
  6. local A_AIC`l' = temp[3,5]
  7. local BA_AIC`l' = temp[4,5]
  8. local CP_AIC`l' = temp[5,5]
  9. local DA_AIC`l' = temp[6,5]
 10. local S_AIC`l' = temp[7,5]
 11. }

Akaike's information criterion and Bayesian information criterion

-----------------------------------------------------------------------------
       Model |        Obs  ll(null)  ll(model)      df         AIC        BIC
-------------+---------------------------------------------------------------
N2020And08~1 |      1,146 -342.2261  -321.8067       2    647.6135   657.7015
CO2020And0~1 |      1,146 -342.2261  -311.6249       2    627.2499   637.3379
A2020And08~1 |      1,146 -342.2261  -333.7891       1    669.5782   674.6223
BA2020And0~1 |      1,146 -342.2261  -1262.286       1    2526.572   2531.616
CP2020And0~1 |      1,146 -342.2261   -2410.26       1    4822.519   4827.563
DA2020And0~1 |      1,146 -342.2261  -311.6249       2    627.2499   637.3379
S2020And08~1 |      1,146 -342.2261  -333.7891       1    669.5782   674.6223
-----------------------------------------------------------------------------
               Note: N=Obs used in calculating BIC; see [R] BIC note.

Akaike's information criterion and Bayesian information criterion

-----------------------------------------------------------------------------
       Model |        Obs  ll(null)  ll(model)      df         AIC        BIC
-------------+---------------------------------------------------------------
N2020And08~2 |      1,098  -327.892  -320.3797       2    644.7593   654.7618
CO2020And0~2 |      1,098  -327.892  -309.6714       2    623.3428   633.3452
A2020And08~2 |      1,098  -327.892  -324.3343       1    650.6685   655.6698
BA2020And0~2 |      1,098  -327.892   -1345.25       1      2692.5   2697.501
CP2020And0~2 |      1,098  -327.892  -2099.445       1    4200.891   4205.892
DA2020And0~2 |      1,098  -327.892  -309.6714       2    623.3428   633.3452
S2020And08~2 |      1,098  -327.892  -324.3343       1    650.6685   655.6698
-----------------------------------------------------------------------------
               Note: N=Obs used in calculating BIC; see [R] BIC note.

. 
. log close
      name:  <unnamed>
       log:  /Users/Stefano/Documents/GitHub/Social_norm_meta_analysis/Analysis/stata_MODELS_DON.log
  log type:  text
 closed on:  13 Apr 2022, 10:09:05
-----------------------------------------------------------------------------------------------------------------------------------------------------------------------------------------------------------------------------------------------
