-----------------------------------------------------------------------------------------------------------------------------------------------------------------------------
      name:  <unnamed>
       log:  /Users/Stefano/Documents/GitHub/Social_norm_meta_analysis/Analysis/stata_COEFF_DG.log
  log type:  text
 opened on:  14 Apr 2022, 15:04:23

. 
. foreach l of local levels {
  2.   di "`l' `deltaS`l'' `alphaA`l'' `deltaN`l'' `gammaN`l'' `rhoBA`l'' `sigmaBA`l'' `rhoCP`l'' `sigmaCP`l'' `rhoCO`l'' `sigmaCO`l'' `rhoDA`l'' `sigmaDA`l''" 
  3.  }
2007Lis165_1a .5295782397284102 .2352108801316874 1.414957188297463 2.163337889408857 0 .325914302983862 .3355837260645941 0 .3446559383216893 -.0456425984841526 .3446559383
> 216893 -.0456425984841525
2012Laz164_3 .304798674841622 .3476006625558237 1.091248051769934 3.198479713308742 0 .4513287830614249 .4437905806162543 0 .4599157744084472 -.2754208069424554 .45991577440
> 84472 -.2754208069424555
2013Kru001_1a .2960811765819147 .3519594140913646 .6161621437809255 1.507821856019695 0 .6352241802080576 .4319483815719308 0 .4143214473782339 .1593334611038097 .4143214473
> 782339 .1593334611038096
2016Kim003_7 .192200820214869 .4038996002005302 .9523451398017502 4.349249670134296 0 -230187745950928.9 .4862612951410644 0 .5034094145088149 -13.83502193080918 .5034094145
> 088132 -13.83502196810099
2018Her061_9 .5146504916758483 .2426747956743714 1.867003936878364 4.914613924169383 0 -15.80719676837713 .2824549973227813 0 .3028950259774096 -7.212998274291051 .302895025
> 9774097 -7.212998276166642
2019Cha026_1 .1741684472038387 .4129157769485061 .764015092481784 3.957976940567975 0 .7282732972742558 .5450476637405262 0 .5111574455202516 .2167423413455522 .511157445520
> 2516 .2167423413455522
2020Bas115_2a .2667157137432811 .3666421730400541 1.17120975327729 3.535699172976316 0 .4601055992488545 .4821224348850549 0 .5019028298061778 -.3271641377824878 .5019028298
> 061778 -.3271641377824878

. 
. log close
      name:  <unnamed>
       log:  /Users/Stefano/Documents/GitHub/Social_norm_meta_analysis/Analysis/stata_COEFF_DG.log
  log type:  text
 closed on:  14 Apr 2022, 15:04:23
-----------------------------------------------------------------------------------------------------------------------------------------------------------------------------
