-----------------------------------------------------------------------------------------------------------------------------------------------------------------------------------------------------------------------------------------------
      name:  <unnamed>
       log:  /Users/Stefano/Documents/GitHub/Social_norm_meta_analysis/Analysis/stata_AIC.log
  log type:  text
 opened on:   8 Apr 2022, 13:03:14

.  
. foreach l of local levels {
  2.   di "`l', `N_AIC`l'', `CO_AIC`l'', `A_AIC`l'', `BA_AIC`l'', `CP_AIC`l'', `DA_AIC`l'', `S_AIC`l''"
  3.  }
2007Lis165_1a, 99.03437787173107, 103.9211039249493, 103.2098828388177, 109.1542787251742, 101.9466742843887, 103.9211039249493, 103.2098828388177
2012Laz164_3, 487.922983952709, 515.5858362201357, 551.3950093301257, 768.6510118871486, 517.1971029616323, 515.5858362201354, 551.3950093301258
2013Kru001_1a, 210.0205163905173, 213.4511627741065, 215.3100858204097, 287.8128505087859, 212.8613869685939, 213.4511627741065, 215.3100858204097
2016Kim003_7, 289.3059869809443, 294.0131890131382, 329.6855184639197, 594.528828091694, 299.943870920986, 294.0131890131383, 329.6855184639193
2018Her061_9, 119.2282524935626, 125.1017344495699, 127.5508623889357, 146.6706920173773, 125.1169532882743, 125.10173444957, 127.5508623889334
2019Cha026_1, 221.7381596967327, 248.2079165526138, 255.0093527689942, 381.7660895198792, 251.5734233840823, 248.2079165526138, 255.0093527689942
2020Bas115_2a, 457.0978151830238, 488.7675414498433, 536.6831246251147, 785.0901591679423, 491.954384271574, 488.7675414498433, 536.6831246251116

. 
.  
.  log close
      name:  <unnamed>
       log:  /Users/Stefano/Documents/GitHub/Social_norm_meta_analysis/Analysis/stata_AIC.log
  log type:  text
 closed on:   8 Apr 2022, 13:03:14
-----------------------------------------------------------------------------------------------------------------------------------------------------------------------------------------------------------------------------------------------
