-----------------------------------------------------------------------------------------------------------------------------------------------------------------------------------------------------------------------------------------------
      name:  <unnamed>
       log:  /Users/Stefano/Documents/GitHub/Social_norm_meta_analysis/Analysis/stata_SE.log
  log type:  text
 opened on:   8 Apr 2022, 14:00:20

. 
. foreach l of local levels {
  2.   di "`l' `se_deltaS`l'' `se_alphaA`l'' `se_deltaN`l'' `se_gammaN`l'' `se_rhoBA`l'' `se_sigmaBA`l'' `se_rhoCP`l'' `se_sigmaCP`l'' `se_rhoCO`l'' `se_sigmaCO`l'' `se_rhoDA`l'' `se_sigmaDA`l'' "
  3.  } 
2007Lis165_1a .1593181579765406 .0796590789891124 .8019476030725461 1.450169998504049 0 .2691950005380629 .1293573498391157 0 .1587669734926389 .4081353680795396 .1587669734926389 .4081353680795395 
2012Laz164_3 .0298965067818223 .0149482533928464 .1700048680091395 .5321697453248779 0 .1016314359788289 .0278518378000836 0 .0311048693699063 .2521002299812448 .0311048693699063 .2521002299812444 
2013Kru001_1a .0519764598385642 .0259882295809655 .1897403451130592 .6830897965754243 0 .0786825490351172 .0443270367723785 0 .0490051900848092 .150072346555359 .0490051900848092 .150072346555359 
2016Kim003_7 .0255419580204063 .0127709779050751 .153582223471514 .7617326368603783 0 0 .026806847810766 0 .0289027143576434 .1300383191741913 .0289027143576434 .1300383191741932 
2018Her061_9 .0942118377987152 .0471059069693236 .521884614943373 1.660210332818568 0 .0821994936526775 .0646667407083909 0 .0689509533081617 .2583651441723586 .0689509533081616 .2583651441723582 
2019Cha026_1 .0455103074547229 .0227551536793252 .2632824034876216 1.200839408541962 0 .0568964314689032 .0505714419821135 0 .0568895387265758 .1142427070673209 .0568895387265758 .1142427070673209 
2020Bas115_2a .0285159059485802 .0142579507699268 .3192639958453907 .9275088974514134 0 .1215030518561189 .0290661726151239 0 .0332315889199433 .3170252995273201 .0332315889199433 .3170252995273201 

. 
. log close
      name:  <unnamed>
       log:  /Users/Stefano/Documents/GitHub/Social_norm_meta_analysis/Analysis/stata_SE.log
  log type:  text
 closed on:   8 Apr 2022, 14:00:20
-----------------------------------------------------------------------------------------------------------------------------------------------------------------------------------------------------------------------------------------------
