-----------------------------------------------------------------------------------------------------------------------------------------------------------------------------------------------------------------------------------------------
      name:  <unnamed>
       log:  /Users/Stefano/Documents/GitHub/Social_norm_meta_analysis/Analysis/stata_AIC_ToG.log
  log type:  text
 opened on:  13 Apr 2022, 09:58:44

.  
. foreach l of local levels {
  2.   di "`l' `N_AIC`l'' `CO_AIC`l'' `A_AIC`l'' `BA_AIC`l'' `CP_AIC`l'' `DA_AIC`l'' `S_AIC`l''"
  3.  }
2007Lis165_1b 161.0716410970425 160.4512409589789 160.4291610657671 162.258794843629 159.7986777889359 160.4512409589789 160.4291610657673
2013Kru001_1b 213.2846091980858 234.3992825687967 240.947940825774 353.8512261837378 235.2225211354254 234.3992825687967 240.9479408257739
2019Cha026_3 425.6212658895285 508.7312030652931 513.2016450111125 527.6288745416289 699.9730322777324 508.7312030652931 513.2016450111123

. 
.  
.  log close
      name:  <unnamed>
       log:  /Users/Stefano/Documents/GitHub/Social_norm_meta_analysis/Analysis/stata_AIC_ToG.log
  log type:  text
 closed on:  13 Apr 2022, 09:58:44
-----------------------------------------------------------------------------------------------------------------------------------------------------------------------------------------------------------------------------------------------
