--------------------------------------------------------------------------------------------------------------------------------
      name:  <unnamed>
       log:  /Users/Stefano/Documents/GitHub/Social_norm_meta_analysis/Analysis/stata.log
  log type:  text
 opened on:  31 Mar 2022, 14:48:02

. 
. * DG *
. preserve 

. drop if game_type != "DG"
(4,644 observations deleted)

. 
. * Fehr and schmidt model *
. * set constraint for IA *
. constraint 1 payoff = 1

. gen sqr_other_payoff_ahead = other_payoff_ahead^2

. * run loop *
. levelsof treatment_id, local(levels)
`"2007Lis165_1a"' `"2012Laz164_3"' `"2013Kru001_1a"' `"2016Kim003_7"' `"2018Her061_9"' `"2019Cha026_1"' `"2020Bas115_2a"'

. /*
> foreach l of local levels {
>         clogit a payoff other_payoff_ahead other_payoff_behind if treatment_id == "`l'", group(id) vce(cluster subject_id) col
> linear constraints(1)
> }
>  */
. 
. * Charness Rabin 2002 *
. gen r = payoff > endowment/2

. gen s = payoff < endowment/2

. gen rho = endowment*r-2*payoff*r

. gen sigma = endowment*s-2*payoff*s

. 
. *local i = 1
. foreach l of local levels {
  2.         di "treatment -> `l' "
  3.         
.         /* Social expectation */
.         clogit a payoff mean_app if treatment_id == "`l'", group(id) vce(bootstrap, reps(500))
  4.         est store N`l'
  5.         local deltaN`l' = _b[payoff]
  6.         local gammaN`l' = _b[mean_app]
  7.         local se_deltaN`l' = _se[payoff]
  8.         local se_gammaN`l' = _se[mean_app]
  9.         
.         /* Charness Rabin 2002 */
.         clogit a payoff rho sigma if treatment_id == "`l'", group(id) vce(bootstrap, reps(500)) collinear constraints(1)
 10.         est store CR`l'
 11.         local rhoCR`l' = _b[rho]
 12.         local sigmaCR`l' = _b[sigma]
 13.         local se_rhoCR`l' = _se[rho]
 14.         local se_sigmaCR`l' = _se[sigma]
 15.         *local ++i
. }
treatment -> 2007Lis165_1a 
(running clogit on estimation sample)

Bootstrap replications (500)
----+--- 1 ---+--- 2 ---+--- 3 ---+--- 4 ---+--- 5 
..................................................    50
..................................................   100
..................................................   150
..................................................   200
..................................................   250
..................................................   300
..................................................   350
..................................................   400
..................................................   450
..................................................   500

Conditional (fixed-effects) logistic regression

                                                Number of obs     =        264
                                                Replications      =        500
                                                Wald chi2(2)      =       2.42
                                                Prob > chi2       =     0.2989
Log likelihood = -47.517189                     Pseudo R2         =     0.1743

                                     (Replications based on 24 clusters in id)
------------------------------------------------------------------------------
             |   Observed   Bootstrap                         Normal-based
           a |      Coef.   Std. Err.      z    P>|z|     [95% Conf. Interval]
-------------+----------------------------------------------------------------
      payoff |   1.414957   .9848623     1.44   0.151    -.5153374    3.345252
    mean_app |   2.163338   1.745117     1.24   0.215    -1.257028    5.583704
------------------------------------------------------------------------------
(running clogit on estimation sample)

Bootstrap replications (500)
----+--- 1 ---+--- 2 ---+--- 3 ---+--- 4 ---+--- 5 
..................................................    50
..................................................   100
..................................................   150
..................................................   200
..................................................   250
..................................................   300
..................................................   350
..................................................   400
..................................................   450
..................................................   500

Conditional (fixed-effects) logistic regression

                                                Number of obs     =        264
                                                Replications      =        500
                                                Wald chi2(2)      =       4.56
Log likelihood = -49.960552                     Prob > chi2       =     0.1022

 ( 1)  [a]payoff = 1
                                     (Replications based on 24 clusters in id)
------------------------------------------------------------------------------
             |   Observed   Bootstrap                         Normal-based
           a |      Coef.   Std. Err.      z    P>|z|     [95% Conf. Interval]
-------------+----------------------------------------------------------------
      payoff |          1  (constrained)
         rho |   .3446559   .1615837     2.13   0.033     .0279576    .6613542
       sigma |  -.0456426   5.052601    -0.01   0.993     -9.94856    9.857274
------------------------------------------------------------------------------
treatment -> 2012Laz164_3 
(running clogit on estimation sample)

Bootstrap replications (500)
----+--- 1 ---+--- 2 ---+--- 3 ---+--- 4 ---+--- 5 
..................................................    50
..................................................   100
..................................................   150
..................................................   200
..................................................   250
..................................................   300
..................................................   350
..................................................   400
..................................................   450
..................................................   500

Conditional (fixed-effects) logistic regression

                                                Number of obs     =      1,485
                                                Replications      =        500
                                                Wald chi2(2)      =      37.82
                                                Prob > chi2       =     0.0000
Log likelihood = -241.96149                     Pseudo R2         =     0.2525

                                    (Replications based on 135 clusters in id)
------------------------------------------------------------------------------
             |   Observed   Bootstrap                         Normal-based
           a |      Coef.   Std. Err.      z    P>|z|     [95% Conf. Interval]
-------------+----------------------------------------------------------------
      payoff |   1.091248   .1816429     6.01   0.000     .7352345    1.447262
    mean_app |    3.19848   .5792884     5.52   0.000     2.063095    4.333864
------------------------------------------------------------------------------
(running clogit on estimation sample)

Bootstrap replications (500)
----+--- 1 ---+--- 2 ---+--- 3 ---+--- 4 ---+--- 5 
..................................................    50
..................................................   100
..................................................   150
..................................................   200
..................................................   250
..................................................   300
..................................................   350
..................................................   400
..................................................   450
..................................................   500

Conditional (fixed-effects) logistic regression

                                                Number of obs     =      1,485
                                                Replications      =        500
                                                Wald chi2(2)      =     218.73
Log likelihood = -255.79292                     Prob > chi2       =     0.0000

 ( 1)  [a]payoff = 1
                                    (Replications based on 135 clusters in id)
------------------------------------------------------------------------------
             |   Observed   Bootstrap                         Normal-based
           a |      Coef.   Std. Err.      z    P>|z|     [95% Conf. Interval]
-------------+----------------------------------------------------------------
      payoff |          1  (constrained)
         rho |   .4599158   .0311958    14.74   0.000     .3987731    .5210584
       sigma |  -.2754208   1.307678    -0.21   0.833    -2.838423    2.287581
------------------------------------------------------------------------------
treatment -> 2013Kru001_1a 
(running clogit on estimation sample)

Bootstrap replications (500)
----+--- 1 ---+--- 2 ---+--- 3 ---+--- 4 ---+--- 5 
..................................................    50
..................................................   100
..................................................   150
..................................................   200
..................................................   250
..................................................   300
..................................................   350
..................................................   400
..................................................   450
..................................................   500

Conditional (fixed-effects) logistic regression

                                                Number of obs     =        572
                                                Replications      =        500
                                                Wald chi2(2)      =      14.75
                                                Prob > chi2       =     0.0006
Log likelihood = -103.01026                     Pseudo R2         =     0.1739

                                     (Replications based on 52 clusters in id)
------------------------------------------------------------------------------
             |   Observed   Bootstrap                         Normal-based
           a |      Coef.   Std. Err.      z    P>|z|     [95% Conf. Interval]
-------------+----------------------------------------------------------------
      payoff |   .6161621   .1903383     3.24   0.001     .2431059    .9892184
    mean_app |   1.507822   .6690116     2.25   0.024     .1965833     2.81906
------------------------------------------------------------------------------
(running clogit on estimation sample)

Bootstrap replications (500)
----+--- 1 ---+--- 2 ---+--- 3 ---+--- 4 ---+--- 5 
..................................................    50
..................................................   100
..................................................   150
..................................................   200
..................................................   250
..................................................   300
..................................................   350
..................................................   400
..................................................   450
..................................................   500

Conditional (fixed-effects) logistic regression

                                                Number of obs     =        572
                                                Replications      =        500
                                                Wald chi2(2)      =      67.12
Log likelihood = -104.72558                     Prob > chi2       =     0.0000

 ( 1)  [a]payoff = 1
                                     (Replications based on 52 clusters in id)
------------------------------------------------------------------------------
             |   Observed   Bootstrap                         Normal-based
           a |      Coef.   Std. Err.      z    P>|z|     [95% Conf. Interval]
-------------+----------------------------------------------------------------
      payoff |          1  (constrained)
         rho |   .4143214   .0506742     8.18   0.000     .3150019     .513641
       sigma |   .1593334   .9945699     0.16   0.873    -1.789988    2.108655
------------------------------------------------------------------------------
treatment -> 2016Kim003_7 
(running clogit on estimation sample)

Bootstrap replications (500)
----+--- 1 ---+--- 2 ---+--- 3 ---+--- 4 ---+--- 5 
..................................................    50
..................................................   100
..................................................   150
..................................................   200
..................................................   250
..................................................   300
..................................................   350
..................................................   400
..................................................   450
..................................................   500

Conditional (fixed-effects) logistic regression

                                                Number of obs     =      1,122
                                                Replications      =        500
                                                Wald chi2(2)      =      44.90
                                                Prob > chi2       =     0.0000
Log likelihood = -142.65299                     Pseudo R2         =     0.2371

                                     (Replications based on 66 clusters in id)
------------------------------------------------------------------------------
             |   Observed   Bootstrap                         Normal-based
           a |      Coef.   Std. Err.      z    P>|z|     [95% Conf. Interval]
-------------+----------------------------------------------------------------
      payoff |   .9523451   .1469554     6.48   0.000     .6643179    1.240372
    mean_app |    4.34925   .7310697     5.95   0.000     2.916379     5.78212
------------------------------------------------------------------------------
(running clogit on estimation sample)

Bootstrap replications (500)
----+--- 1 ---+--- 2 ---+--- 3 ---+--- 4 ---+--- 5 
..................................................    50
..................................................   100
..................................................   150
..................................................   200
..................................................   250
..................................................   300
..................................................   350
..................................................   400
..................................................   450
..................................................   500

Conditional (fixed-effects) logistic regression

                                                Number of obs     =      1,122
                                                Replications      =        500
                                                Wald chi2(2)      =     290.65
Log likelihood = -145.00659                     Prob > chi2       =     0.0000

 ( 1)  [a]payoff = 1
                                     (Replications based on 66 clusters in id)
------------------------------------------------------------------------------
             |   Observed   Bootstrap                         Normal-based
           a |      Coef.   Std. Err.      z    P>|z|     [95% Conf. Interval]
-------------+----------------------------------------------------------------
      payoff |          1  (constrained)
         rho |   .5034094   .0302211    16.66   0.000     .4441771    .5626417
       sigma |  -13.83502   2.742861    -5.04   0.000    -19.21093   -8.459114
------------------------------------------------------------------------------
treatment -> 2018Her061_9 
(running clogit on estimation sample)

Bootstrap replications (500)
----+--- 1 ---+--- 2 ---+--- 3 ---+--- 4 ---+--- 5 
..................................................    50
..................................................   100
..................................................   150
..................................................   200
..................................................   250
..................................................   300
..................................................   350
..................................................   400
..................................................   450
..................................................   500

Conditional (fixed-effects) logistic regression

                                                Number of obs     =        418
                                                Replications      =        500
                                                Wald chi2(2)      =      21.35
                                                Prob > chi2       =     0.0000
Log likelihood = -57.614126                     Pseudo R2         =     0.3677

                                     (Replications based on 38 clusters in id)
------------------------------------------------------------------------------
             |   Observed   Bootstrap                         Normal-based
           a |      Coef.   Std. Err.      z    P>|z|     [95% Conf. Interval]
-------------+----------------------------------------------------------------
      payoff |   1.867004   .5485935     3.40   0.001     .7917804    2.942227
    mean_app |   4.914614   1.768577     2.78   0.005     1.448266    8.380962
------------------------------------------------------------------------------
(running clogit on estimation sample)

Bootstrap replications (500)
----+--- 1 ---+--- 2 ---+--- 3 ---+--- 4 ---+--- 5 
..................................................    50
..................................................   100
..................................................   150
..................................................   200
..................................................   250
..................................................   300
..................................................   350
..................................................   400
..................................................   450
..................................................   500

Conditional (fixed-effects) logistic regression

                                                Number of obs     =        418
                                                Replications      =        500
                                                Wald chi2(2)      =      82.14
Log likelihood = -60.550867                     Prob > chi2       =     0.0000

 ( 1)  [a]payoff = 1
                                     (Replications based on 38 clusters in id)
------------------------------------------------------------------------------
             |   Observed   Bootstrap                         Normal-based
           a |      Coef.   Std. Err.      z    P>|z|     [95% Conf. Interval]
-------------+----------------------------------------------------------------
      payoff |          1  (constrained)
         rho |    .302895   .0754634     4.01   0.000     .1549895    .4508006
       sigma |  -7.212998   .8491136    -8.49   0.000     -8.87723   -5.548766
------------------------------------------------------------------------------
treatment -> 2019Cha026_1 
(running clogit on estimation sample)

Bootstrap replications (500)
----+--- 1 ---+--- 2 ---+--- 3 ---+--- 4 ---+--- 5 
..................................................    50
..................................................   100
..................................................   150
..................................................   200
..................................................   250
..................................................   300
..................................................   350
..................................................   400
..................................................   450
..................................................   500

Conditional (fixed-effects) logistic regression

                                                Number of obs     =        616
                                                Replications      =        500
                                                Wald chi2(2)      =       9.37
                                                Prob > chi2       =     0.0092
Log likelihood = -108.86908                     Pseudo R2         =     0.1893

                                     (Replications based on 56 clusters in id)
------------------------------------------------------------------------------
             |   Observed   Bootstrap                         Normal-based
           a |      Coef.   Std. Err.      z    P>|z|     [95% Conf. Interval]
-------------+----------------------------------------------------------------
      payoff |   .7640151   .3279349     2.33   0.020     .1212745    1.406756
    mean_app |   3.957977   1.456702     2.72   0.007     1.102893     6.81306
------------------------------------------------------------------------------
(running clogit on estimation sample)

Bootstrap replications (500)
----+--- 1 ---+--- 2 ---+--- 3 ---+--- 4 ---+--- 5 
..................................................    50
..................................................   100
..................................................   150
..................................................   200
..................................................   250
..................................................   300
..................................................   350
..................................................   400
..................................................   450
..................................................   500

Conditional (fixed-effects) logistic regression

                                                Number of obs     =        616
                                                Replications      =        500
                                                Wald chi2(2)      =      74.84
Log likelihood = -122.10396                     Prob > chi2       =     0.0000

 ( 1)  [a]payoff = 1
                                     (Replications based on 56 clusters in id)
------------------------------------------------------------------------------
             |   Observed   Bootstrap                         Normal-based
           a |      Coef.   Std. Err.      z    P>|z|     [95% Conf. Interval]
-------------+----------------------------------------------------------------
      payoff |          1  (constrained)
         rho |   .5111574   .0596615     8.57   0.000     .3942231    .6280918
       sigma |   .2167423   .5089329     0.43   0.670    -.7807477    1.214232
------------------------------------------------------------------------------
treatment -> 2020Bas115_2a 
(running clogit on estimation sample)

Bootstrap replications (500)
----+--- 1 ---+--- 2 ---+--- 3 ---+--- 4 ---+--- 5 
..................................................    50
..................................................   100
..................................................   150
..................................................   200
..................................................   250
..................................................   300
..................................................   350
..................................................   400
..................................................   450
..................................................   500

Conditional (fixed-effects) logistic regression

                                                Number of obs     =      1,397
                                                Replications      =        500
                                                Wald chi2(2)      =      15.62
                                                Prob > chi2       =     0.0004
Log likelihood = -226.54891                     Pseudo R2         =     0.2561

                                    (Replications based on 127 clusters in id)
------------------------------------------------------------------------------
             |   Observed   Bootstrap                         Normal-based
           a |      Coef.   Std. Err.      z    P>|z|     [95% Conf. Interval]
-------------+----------------------------------------------------------------
      payoff |    1.17121   .3123016     3.75   0.000     .5591099     1.78331
    mean_app |   3.535699   .9076713     3.90   0.000     1.756696    5.314702
------------------------------------------------------------------------------
(running clogit on estimation sample)

Bootstrap replications (500)
----+--- 1 ---+--- 2 ---+--- 3 ---+--- 4 ---+--- 5 
..................................................    50
..................................................   100
..................................................   150
..................................................   200
..................................................   250
..................................................   300
..................................................   350
..................................................   400
..................................................   450
..................................................   500

Conditional (fixed-effects) logistic regression

                                                Number of obs     =      1,397
                                                Replications      =        500
                                                Wald chi2(2)      =     222.55
Log likelihood = -242.38377                     Prob > chi2       =     0.0000

 ( 1)  [a]payoff = 1
                                    (Replications based on 127 clusters in id)
------------------------------------------------------------------------------
             |   Observed   Bootstrap                         Normal-based
           a |      Coef.   Std. Err.      z    P>|z|     [95% Conf. Interval]
-------------+----------------------------------------------------------------
      payoff |          1  (constrained)
         rho |   .5019028   .0340326    14.75   0.000     .4352002    .5686054
       sigma |  -.3271641   2.576676    -0.13   0.899    -5.377355    4.723027
------------------------------------------------------------------------------

. 
. foreach l of local levels {
  2. estimates stats N`l' CR`l'
  3. }

Akaike's information criterion and Bayesian information criterion

-----------------------------------------------------------------------------
       Model |        Obs  ll(null)  ll(model)      df         AIC        BIC
-------------+---------------------------------------------------------------
N2007Lis1~1a |        264 -57.54949  -47.51719       2    99.03438   106.1863
CR2007Lis~1a |        264         .  -49.96055       2    103.9211    111.073
-----------------------------------------------------------------------------
               Note: N=Obs used in calculating BIC; see [R] BIC note.

Akaike's information criterion and Bayesian information criterion

-----------------------------------------------------------------------------
       Model |        Obs  ll(null)  ll(model)      df         AIC        BIC
-------------+---------------------------------------------------------------
N2012Laz16~3 |      1,485 -323.7159  -241.9615       2     487.923   498.5293
CR2012Laz1~3 |      1,485         .  -255.7929       2    515.5858   526.1922
-----------------------------------------------------------------------------
               Note: N=Obs used in calculating BIC; see [R] BIC note.

Akaike's information criterion and Bayesian information criterion

-----------------------------------------------------------------------------
       Model |        Obs  ll(null)  ll(model)      df         AIC        BIC
-------------+---------------------------------------------------------------
N2013Kru0~1a |        572 -124.6906  -103.0103       2    210.0205   218.7188
CR2013Kru~1a |        572         .  -104.7256       2    213.4512   222.1494
-----------------------------------------------------------------------------
               Note: N=Obs used in calculating BIC; see [R] BIC note.

Akaike's information criterion and Bayesian information criterion

-----------------------------------------------------------------------------
       Model |        Obs  ll(null)  ll(model)      df         AIC        BIC
-------------+---------------------------------------------------------------
N2016Kim00~7 |      1,122 -186.9921   -142.653       2     289.306   299.3517
CR2016Kim0~7 |      1,122         .  -145.0066       2    294.0132   304.0589
-----------------------------------------------------------------------------
               Note: N=Obs used in calculating BIC; see [R] BIC note.

Akaike's information criterion and Bayesian information criterion

-----------------------------------------------------------------------------
       Model |        Obs  ll(null)  ll(model)      df         AIC        BIC
-------------+---------------------------------------------------------------
N2018Her06~9 |        418 -91.12002  -57.61413       2    119.2283   127.2992
CR2018Her0~9 |        418         .  -60.55087       2    125.1017   133.1727
-----------------------------------------------------------------------------
               Note: N=Obs used in calculating BIC; see [R] BIC note.

Akaike's information criterion and Bayesian information criterion

-----------------------------------------------------------------------------
       Model |        Obs  ll(null)  ll(model)      df         AIC        BIC
-------------+---------------------------------------------------------------
N2019Cha02~1 |        616 -134.2821  -108.8691       2    221.7382   230.5847
CR2019Cha0~1 |        616         .   -122.104       2    248.2079   257.0544
-----------------------------------------------------------------------------
               Note: N=Obs used in calculating BIC; see [R] BIC note.

Akaike's information criterion and Bayesian information criterion

-----------------------------------------------------------------------------
       Model |        Obs  ll(null)  ll(model)      df         AIC        BIC
-------------+---------------------------------------------------------------
N2020Bas1~2a |      1,397 -304.5327  -226.5489       2    457.0978    467.582
CR2020Bas~2a |      1,397         .  -242.3838       2    488.7675   499.2517
-----------------------------------------------------------------------------
               Note: N=Obs used in calculating BIC; see [R] BIC note.

. 
. foreach l of local levels {
  2.   di "`l'', `deltaN`l'', `gammaN`l'', `se_deltaN`l'', `se_gammaN`l'', `rhoCR`l'', `sigmaCR`l'', `se_rhoCR`l'', `se_sigmaCR`
> l''"
  3.  }
2007Lis165_1a', 1.414957188297463, 2.163337889408858, .9848622772606883, 1.745116761982358, .3446559376738569, -.045642590982839
> , .1615837306482357, 5.052601480357811
2012Laz164_3', 1.091248051769934, 3.198479713308743, .1816428932759358, .5792884248336295, .4599157743565516, -.2754208013268814
> , .0311958086623541, 1.307678069863629
2013Kru001_1a', .6161621437809253, 1.507821856019695, .1903383184471745, .6690115630058289, .4143214491981131, .1593334154926391
> , .0506741574009177, .9945699449601674
2016Kim003_7', .9523451398017508, 4.349249670134299, .1469553761447614, .7310697171844107, .503409414508813, -13.83502193226871,
>  .0302211122001219, 2.742860503090367
2018Her061_9', 1.867003936878365, 4.914613924169384, .5485934951974193, 1.768577418813438, .3028950259774097, -7.212998275825353
> , .0754634065162176, .84911357987322
2019Cha026_1', .7640150924817837, 3.957976940567972, .3279349235302766, 1.456702016310655, .5111574451058539, .2167423482076286,
>  .0596614574713051, .5089328640575032
2020Bas115_2a', 1.171209753277289, 3.535699172976313, .3123015942191222, .9076713000362412, .5019028294513725, -.327164095799513
> 2, .0340325707867316, 2.576675514201865

.  
.  
.  log close
      name:  <unnamed>
       log:  /Users/Stefano/Documents/GitHub/Social_norm_meta_analysis/Analysis/stata.log
  log type:  text
 closed on:  31 Mar 2022, 14:56:52
--------------------------------------------------------------------------------------------------------------------------------
