-----------------------------------------------------------------------------------------------------------------------------------------------------------------------------------------------------------------------------------------------
      name:  <unnamed>
       log:  /Users/Stefano/Documents/GitHub/Social_norm_meta_analysis/Analysis/stata_COEFF.log
  log type:  text
 opened on:   8 Apr 2022, 13:03:14

. 
. foreach l of local levels {
  2.   di "`l', `deltaS`l'', `alphaA`l'', `deltaN`l'', `gammaN`l'', `rhoBA`l'', `sigmaBA`l'', `rhoCP`l'', `sigmaCP`l'', `rhoCO`l'', `sigmaCO`l'', `rhoDA`l'', `sigmaDA`l''" 
  3.  }
2007Lis165_1a, .5295782397284103, .2352108801316874, 1.414957188297463, 2.163337889408858, 0, .325914302983862, .3355837260645941, 0, .3446559383216893, -.0456425984841526, .3446559383216893, -.0456425984841527
2012Laz164_3, .304798674841622, .3476006625558237, 1.091248051769934, 3.198479713308742, 0, .4513287830614247, .4437905806162543, 0, .4599157744084472, -.2754208069424552, .4599157744084472, -.2754208069424559
2013Kru001_1a, .2960811765819147, .3519594140913647, .6161621437809255, 1.507821856019695, 0, .6352241802080577, .4319483815719307, 0, .4143214473782339, .1593334611038096, .4143214473782339, .1593334611038096
2016Kim003_7, .192200820214869, .4038996002005302, .9523451398017503, 4.349249670134297, 0, -11550685205.70606, .4862612951410645, 0, .5034094145088176, -13.83502162927237, .5034094145088182, -13.8350227796295
2018Her061_9, .5146504916758483, .2426747956743713, 1.867003936878364, 4.91461392416938, 0, -15.94389069884347, .2824549973227813, 0, .3028950259774087, -7.212998275661983, .302895025977409, -7.212998275792791
2019Cha026_1, .1741684472038387, .4129157769485062, .764015092481784, 3.957976940567974, 0, .7282732972742558, .5450476637405262, 0, .5111574455202516, .2167423413455522, .5111574455202516, .2167423413455522
2020Bas115_2a, .2667157137432811, .3666421730400541, 1.17120975327729, 3.535699172976316, 0, .4601055992488545, .4821224348850549, 0, .5019028298061778, -.3271641377824878, .5019028298061778, -.3271641377824878

. 
. log close
      name:  <unnamed>
       log:  /Users/Stefano/Documents/GitHub/Social_norm_meta_analysis/Analysis/stata_COEFF.log
  log type:  text
 closed on:   8 Apr 2022, 13:03:14
-----------------------------------------------------------------------------------------------------------------------------------------------------------------------------------------------------------------------------------------------
