-----------------------------------------------------------------------------------------------------------------------------------------------------------------------------------------------------------------------------------------------
      name:  <unnamed>
       log:  /Users/Stefano/Documents/GitHub/Social_norm_meta_analysis/Analysis/stata_Stefano.log
  log type:  text
 opened on:   8 Apr 2022, 12:15:35

. 
. foreach l of local levels {
  2.   di "`l', `deltaS`l'', `alphaA`l'', `deltaN`l'', `gammaN`l'', `rhoBA`l'', `sigmaBA`l'', `rhoCP`l'', `sigmaCP`l'', `rhoCO`l'', `sigmaCO`l'', `rhoDA`l'', `sigmaDA`l'', `se_deltaS`l'', `se_alphaA`l'', `se_deltaN`l'', `se_gammaN`l'', `se
> _rhoBA`l'', `se_sigmaBA`l'', `se_rhoCP`l'', `se_sigmaCP`l'', `se_rhoCO`l'', `se_sigmaCO`l'', `se_rhoDA`l'', `se_sigmaDA`l'' "
  3.  }
2007Lis165_1a, .5295782397284102, .2352108801316874, 1.414957188297463, 2.163337889408857, 0, .325914302983862, .3355837260645941, 0, .3446559383216894, -.0456425984841528, .3446559383216893, -.0456425984841526, .1593181579765406, .0796590
> 789891124, .8019476030725456, 1.450169998504047, 0, .269195000538063, .1293573498391156, 0, .1587669734926388, .4081353680795397, .1587669734926389, .4081353680795397 
2012Laz164_3, .304798674841622, .3476006625558237, 1.091248051769934, 3.198479713308743, 0, .4513287830614249, .4437905806162543, 0, .4599157744084472, -.2754208069424555, .4599157744084472, -.2754208069424562, .0298965067818223, .01494825
> 33928464, .170004868009141, .5321697453248837, 0, .1016314359788288, .0278518378000836, 0, .0311048693699063, .2521002299812447, .0311048693699063, .2521002299812453 
2013Kru001_1a, .2960811765819147, .3519594140913646, .6161621437809255, 1.507821856019695, 0, .6352241802080577, .4319483815719307, 0, .4143214473782339, .1593334611038097, .4143214473782339, .1593334611038097, .0519764598385642, .02598822
> 95809655, .1897403451130592, .6830897965754246, 0, .0786825490351172, .0443270367723785, 0, .0490051900848092, .150072346555359, .0490051900848092, .1500723465553589 
2016Kim003_7, .192200820214869, .4038996002005301, .9523451398017505, 4.349249670134298, 0, -30.22222214729894, .4862612951410645, 0, .5034094145088132, -13.83502231279484, .5034094145088177, -13.83502194569965, .0255419580204063, .0127709
> 779050751, .1535822234715147, .7617326368603806, 0, 0, .026806847810766, 0, .0289027143576434, .1300383191741942, .0289027143576435, .1300383191741915 
2018Her061_9, .5146504916758483, .2426747956743713, 1.867003936878364, 4.914613924169379, 0, -16.21727855977602, .2824549973227813, 0, .3028950259774096, -7.21299827576159, .302895025977409, -7.212998276110694, .0942118377987152, .04710590
> 69693236, .5218846149433675, 1.660210332818557, 0, .0821994936526781, .0646667407083909, 0, .0689509533081616, .2583651441723582, .0689509533081617, .2583651441723588 
2019Cha026_1, .1741684472038387, .4129157769485062, .7640150924817837, 3.957976940567972, 0, .7282732972742558, .5450476637405262, 0, .5111574455202516, .2167423413455523, .5111574455202516, .2167423413455522, .0455103074547229, .022755153
> 6793252, .2632824034876215, 1.200839408541962, 0, .0568964314689032, .0505714419821135, 0, .0568895387265758, .1142427070673209, .0568895387265758, .1142427070673209 
2020Bas115_2a, .2667157137432811, .3666421730400541, 1.17120975327729, 3.535699172976316, 0, .4601055992488545, .4821224348850549, 0, .5019028298061778, -.3271641377824878, .5019028298061778, -.3271641377824878, .0285159059485802, .0142579
> 507699268, .3192639958453912, .9275088974514143, 0, .1215030518561189, .0290661726151239, 0, .0332315889199433, .3170252995273201, .0332315889199433, .3170252995273201 

. 
. foreach l of local levels {
  2.   di "`l', `N_AIC`l'', `CO_AIC`l'', `A_AIC`l'', `BA_AIC`l'', `CP_AIC`l'', `DA_AIC`l'', `S_AIC`l''"
  3.  }
2007Lis165_1a, 99.03437787173107, 103.9211039249493, 103.2098828388177, 109.1542787251742, 101.9466742843887, 103.9211039249493, 103.2098828388177
2012Laz164_3, 487.922983952709, 515.5858362201355, 551.3950093301258, 768.6510118871486, 517.1971029616323, 515.5858362201354, 551.3950093301257
2013Kru001_1a, 210.0205163905173, 213.4511627741065, 215.3100858204098, 287.8128505087859, 212.8613869685939, 213.4511627741065, 215.3100858204097
2016Kim003_7, 289.3059869809443, 294.0131890131382, 329.6855184639197, 594.5288280916935, 299.943870920986, 294.0131890131384, 329.6855184639193
2018Her061_9, 119.2282524935626, 125.1017344495699, 127.5508623889357, 146.6706920173773, 125.1169532882744, 125.10173444957, 127.5508623889334
2019Cha026_1, 221.7381596967327, 248.2079165526138, 255.0093527689942, 381.7660895198792, 251.5734233840823, 248.2079165526138, 255.0093527689942
2020Bas115_2a, 457.0978151830238, 488.7675414498433, 536.6831246251147, 785.0901591679423, 491.954384271574, 488.7675414498433, 536.6831246251116

. 
.  
.  log close
      name:  <unnamed>
       log:  /Users/Stefano/Documents/GitHub/Social_norm_meta_analysis/Analysis/stata_Stefano.log
  log type:  text
 closed on:   8 Apr 2022, 12:15:35
-----------------------------------------------------------------------------------------------------------------------------------------------------------------------------------------------------------------------------------------------
