---------------------------------------------------------------------------------------------------------------------------------------------------------------------------------------------------------------------------------------------
      name:  <unnamed>
       log:  C:\Users\aguido\Documents\GitHub\Social_norm_meta_analysis\Analysis\stata_AIC_ONG.log
  log type:  text
 opened on:  22 Aug 2023, 10:51:41

.  
. foreach l of local levels {
  2.   di "`l' `S_AIC`l'' `N_AIC`l'' `BA_AIC`l'' `CP_AIC`l'' `DA_AIC`l'' `FU_AIC`l''"
  3.  }
2007Lis165_1a 103.2098828388177 99.03437787173107 109.1542787251742 101.9466742843887 103.9211039249493 97.48771680176594
2012Laz164_3 551.3950093301257 487.9229839527091 768.6510118871486 517.1971029616323 515.5858362201354 489.9191351757028
2013Kru001_1a 215.3100858204097 210.0205163905173 287.8128505087859 212.8613869685939 213.4511627741065 211.8330191645115
2016Kim003_7 329.6855184639193 289.3059869809443 594.528828091694 299.943870920986 294.0131890131383 281.5585748244748
2018Her061_9 127.5508623889334 119.2282524935626 146.6706920173773 125.1169532882744 125.10173444957 120.3319382038407
2019Cha026_1 255.0093527689942 221.7381596967327 381.7660895198792 251.5734233840823 248.2079165526138 203.7005987430356
2020Bas115_2a 536.6831246251117 457.0978151830238 785.0901591679423 491.954384271574 488.7675414498434 454.5704033907499

. 
.  
.  log close
      name:  <unnamed>
       log:  C:\Users\aguido\Documents\GitHub\Social_norm_meta_analysis\Analysis\stata_AIC_ONG.log
  log type:  text
 closed on:  22 Aug 2023, 10:51:42
---------------------------------------------------------------------------------------------------------------------------------------------------------------------------------------------------------------------------------------------
