-------------------------------------------------------------------------------------------------------------------------------------------------------------
      name:  <unnamed>
       log:  C:\Users\aguido\Documents\GitHub\Social_norm_meta_analysis\Analysis\uncertain_stata_SE_NU.log
  log type:  text
 opened on:  26 Sep 2023, 07:09:12

. 
. foreach l of local levels {
  2.   di "`l' `se_deltaNU`l'' `se_gammaNU`l''" "`se_etaNU`l''"
  3.  } 
2007Lis165_1a  1.5544967235585596.336811478622775
2012Laz164_3  1.604013114699095.250809324887912
2013Kru001_1a  1.6875829982148576.173739243547263
2016Kim003_7  .89426174677541152.249740368822694
2018Her061_9  3.2614762854261967.013213996599508
2019Cha026_1  1.593009893800572.907174855852958
2020Bas115_2a  2.3816769274346956.463655475948752

. 
. log close
      name:  <unnamed>
       log:  C:\Users\aguido\Documents\GitHub\Social_norm_meta_analysis\Analysis\uncertain_stata_SE_NU.log
  log type:  text
 closed on:  26 Sep 2023, 07:09:12
-------------------------------------------------------------------------------------------------------------------------------------------------------------
