-------------------------------------------------------------------------------------------------------------------------------------------------------------
      name:  <unnamed>
       log:  C:\Users\aguido\Documents\GitHub\Social_norm_meta_analysis\Analysis\uncertain_stata_COEFF_NU.log
  log type:  text
 opened on:  26 Sep 2023, 07:09:12

. 
. foreach l of local levels {
  2.   di "`l' `deltaNU`l'' `gammaNU`l''" "`etaNU`l''"
  3.  }
2007Lis165_1a 2.09135009762421 3.7704903988044188.040752439666099
2012Laz164_3 .6852979958549174 1.598316085874114-5.649195438595041
2013Kru001_1a .6043326124554843 1.44358133921678-.2316584159239704
2016Kim003_7 1.065962797624078 5.3161576642827224.987563096704521
2018Her061_9 3.749555333463473 9.403458616749584-20.13803624968777
2019Cha026_1 1.091005021716181 6.5192650930517686.563089936997645
2020Bas115_2a 1.906377774944859 5.7507089405544448.762544999460904

. 
. log close
      name:  <unnamed>
       log:  C:\Users\aguido\Documents\GitHub\Social_norm_meta_analysis\Analysis\uncertain_stata_COEFF_NU.log
  log type:  text
 closed on:  26 Sep 2023, 07:09:12
-------------------------------------------------------------------------------------------------------------------------------------------------------------
