-------------------------------------------------------------------------------------------------------------------------------------------------------------
      name:  <unnamed>
       log:  C:\Users\aguido\Documents\GitHub\Social_norm_meta_analysis\Analysis\uncertain_stata_SE_ONG.log
  log type:  text
 opened on:  25 Sep 2023, 18:07:05

. 
. foreach l of local levels {
  2.   di "`l' `se_deltaNU`l'' `se_gammaNU`l''" "`se_etaNU`l''"
  3.  } 
2007Lis165_1a  1.5544967235585686.336811478622812
2012Laz164_3  1.6040131146990095.250809324887681
2013Kru001_1a  1.6875829982148386.173739243547223
2016Kim003_7  .89426174677541152.249740368822703
2018Her061_9  3.2614762854259357.013213996598975
2019Cha026_1  1.5930098938005682.907174855852946
2020Bas115_2a  2.3816769274346646.463655475948575

. 
. log close
      name:  <unnamed>
       log:  C:\Users\aguido\Documents\GitHub\Social_norm_meta_analysis\Analysis\uncertain_stata_SE_ONG.log
  log type:  text
 closed on:  25 Sep 2023, 18:07:05
-------------------------------------------------------------------------------------------------------------------------------------------------------------
