-------------------------------------------------------------------------------------------------------------------------------------------------------------
      name:  <unnamed>
       log:  C:\Users\aguido\Documents\GitHub\Social_norm_meta_analysis\Analysis\uncertain_stata_COEFF_ONG.log
  log type:  text
 opened on:  25 Sep 2023, 18:07:05

. 
. foreach l of local levels {
  2.   di "`l' `deltaNU`l'' `gammaNU`l''" "`etaNU`l''"
  3.  }
2007Lis165_1a 2.091350097624209 3.7704903988044178.040752439666095
2012Laz164_3 .6852979958549226 1.598316085874134-5.649195438594973
2013Kru001_1a .6043326124554835 1.443581339216777-.2316584159239819
2016Kim003_7 1.065962797624077 5.316157664282724.987563096704521
2018Her061_9 3.749555333463486 9.403458616749619-20.13803624968783
2019Cha026_1 1.091005021716182 6.5192650930517726.563089936997653
2020Bas115_2a 1.906377774944859 5.7507089405544448.762544999460904

. 
. log close
      name:  <unnamed>
       log:  C:\Users\aguido\Documents\GitHub\Social_norm_meta_analysis\Analysis\uncertain_stata_COEFF_ONG.log
  log type:  text
 closed on:  25 Sep 2023, 18:07:05
-------------------------------------------------------------------------------------------------------------------------------------------------------------
